Copyright 1986-2022 Xilinx, Inc. All Rights Reserved. Copyright 2022-2024 Advanced Micro Devices, Inc. All Rights Reserved.
-------------------------------------------------------------------------------------------------------------------------------------------------
| Tool Version     : Vivado v.2024.2 (win64) Build 5239630 Fri Nov 08 22:35:27 MST 2024
| Date             : Thu Jul 10 19:19:49 2025
| Host             : PC-Michael running 64-bit major release  (build 9200)
| Command          : report_power -file out/post_route_power.rpt
| Design           : red_pitaya_top
| Device           : xc7z010clg400-1
| Design State     : routed
| Grade            : commercial
| Process          : typical
| Characterization : Production
-------------------------------------------------------------------------------------------------------------------------------------------------

Power Report

Table of Contents
-----------------
1. Summary
1.1 On-Chip Components
1.2 Power Supply Summary
1.3 Confidence Level
2. Settings
2.1 Environment
2.2 Clock Constraints
3. Detailed Reports
3.1 By Hierarchy

1. Summary
----------

+--------------------------+--------------+
| Total On-Chip Power (W)  | 2.244        |
| Design Power Budget (W)  | Unspecified* |
| Power Budget Margin (W)  | NA           |
| Dynamic (W)              | 2.102        |
| Device Static (W)        | 0.142        |
| Effective TJA (C/W)      | 11.5         |
| Max Ambient (C)          | 59.1         |
| Junction Temperature (C) | 50.9         |
| Confidence Level         | Low          |
| Setting File             | ---          |
| Simulation Activity File | ---          |
| Design Nets Matched      | NA           |
+--------------------------+--------------+
* Specify Design Power Budget using, set_operating_conditions -design_power_budget <value in Watts>


1.1 On-Chip Components
----------------------

+-------------------------+-----------+----------+-----------+-----------------+
| On-Chip                 | Power (W) | Used     | Available | Utilization (%) |
+-------------------------+-----------+----------+-----------+-----------------+
| Clocks                  |     0.067 |       14 |       --- |             --- |
| Slice Logic             |     0.107 |    29751 |       --- |             --- |
|   LUT as Logic          |     0.092 |    14522 |     17600 |           82.51 |
|   CARRY4                |     0.010 |     1370 |      4400 |           31.14 |
|   Register              |     0.005 |    10719 |     35200 |           30.45 |
|   F7/F8 Muxes           |    <0.001 |      566 |     17600 |            3.22 |
|   LUT as Shift Register |    <0.001 |       44 |      6000 |            0.73 |
|   Others                |     0.000 |      348 |       --- |             --- |
| Signals                 |     0.169 |    23560 |       --- |             --- |
| Block RAM               |     0.094 |       34 |        60 |           56.67 |
| PLL                     |     0.097 |        1 |         2 |           50.00 |
| DSPs                    |     0.028 |       20 |        80 |           25.00 |
| I/O                     |     0.243 |       91 |       100 |           91.00 |
| XADC                    |     0.004 |        1 |       --- |             --- |
| PS7                     |     1.292 |        1 |       --- |             --- |
| Static Power            |     0.142 |          |           |                 |
| Total                   |     2.244 |          |           |                 |
+-------------------------+-----------+----------+-----------+-----------------+


1.2 Power Supply Summary
------------------------

+-----------+-------------+-----------+-------------+------------+-------------+-------------+------------+
| Source    | Voltage (V) | Total (A) | Dynamic (A) | Static (A) | Powerup (A) | Budget (A)  | Margin (A) |
+-----------+-------------+-----------+-------------+------------+-------------+-------------+------------+
| Vccint    |       1.000 |     0.478 |       0.467 |      0.010 |       NA    | Unspecified | NA         |
| Vccaux    |       1.800 |     0.065 |       0.056 |      0.009 |       NA    | Unspecified | NA         |
| Vcco33    |       3.300 |     0.070 |       0.069 |      0.001 |       NA    | Unspecified | NA         |
| Vcco25    |       2.500 |     0.000 |       0.000 |      0.000 |       NA    | Unspecified | NA         |
| Vcco18    |       1.800 |     0.002 |       0.001 |      0.001 |       NA    | Unspecified | NA         |
| Vcco15    |       1.500 |     0.000 |       0.000 |      0.000 |       NA    | Unspecified | NA         |
| Vcco135   |       1.350 |     0.000 |       0.000 |      0.000 |       NA    | Unspecified | NA         |
| Vcco12    |       1.200 |     0.000 |       0.000 |      0.000 |       NA    | Unspecified | NA         |
| Vccaux_io |       1.800 |     0.000 |       0.000 |      0.000 |       NA    | Unspecified | NA         |
| Vccbram   |       1.000 |     0.011 |       0.008 |      0.003 |       NA    | Unspecified | NA         |
| MGTAVcc   |       1.000 |     0.000 |       0.000 |      0.000 |       NA    | Unspecified | NA         |
| MGTAVtt   |       1.200 |     0.000 |       0.000 |      0.000 |       NA    | Unspecified | NA         |
| MGTVccaux |       1.800 |     0.000 |       0.000 |      0.000 |       NA    | Unspecified | NA         |
| Vccpint   |       1.000 |     0.715 |       0.678 |      0.037 |       NA    | Unspecified | NA         |
| Vccpaux   |       1.800 |     0.038 |       0.027 |      0.010 |       NA    | Unspecified | NA         |
| Vccpll    |       1.800 |     0.017 |       0.014 |      0.003 |       NA    | Unspecified | NA         |
| Vcco_ddr  |       1.500 |     0.356 |       0.354 |      0.002 |       NA    | Unspecified | NA         |
| Vcco_mio0 |       3.300 |     0.002 |       0.001 |      0.001 |       NA    | Unspecified | NA         |
| Vcco_mio1 |       2.500 |     0.003 |       0.002 |      0.001 |       NA    | Unspecified | NA         |
| Vccadc    |       1.800 |     0.022 |       0.002 |      0.020 |       NA    | Unspecified | NA         |
+-----------+-------------+-----------+-------------+------------+-------------+-------------+------------+


1.3 Confidence Level
--------------------

+-----------------------------+------------+--------------------------------------------------------+------------------------------------------------------------------------------------------------------------+
| User Input Data             | Confidence | Details                                                | Action                                                                                                     |
+-----------------------------+------------+--------------------------------------------------------+------------------------------------------------------------------------------------------------------------+
| Design implementation state | High       | Design is routed                                       |                                                                                                            |
| Clock nodes activity        | High       | User specified more than 95% of clocks                 |                                                                                                            |
| I/O nodes activity          | Low        | More than 75% of inputs are missing user specification | Provide missing input activity with simulation results or by editing the "By Resource Type -> I/Os" view   |
| Internal nodes activity     | Medium     | User specified less than 25% of internal nodes         | Provide missing internal nodes activity with simulation results or by editing the "By Resource Type" views |
| Device models               | High       | Device models are Production                           |                                                                                                            |
|                             |            |                                                        |                                                                                                            |
| Overall confidence level    | Low        |                                                        |                                                                                                            |
+-----------------------------+------------+--------------------------------------------------------+------------------------------------------------------------------------------------------------------------+


2. Settings
-----------

2.1 Environment
---------------

+-----------------------+------------------------+
| Ambient Temp (C)      | 25.0                   |
| ThetaJA (C/W)         | 11.5                   |
| Airflow (LFM)         | 250                    |
| Heat Sink             | none                   |
| ThetaSA (C/W)         | 0.0                    |
| Board Selection       | medium (10"x10")       |
| # of Board Layers     | 8to11 (8 to 11 Layers) |
| Board Temperature (C) | 25.0                   |
+-----------------------+------------------------+


2.2 Clock Constraints
---------------------

+----------------+-----------------------------------------------------------------------+-----------------+
| Clock          | Domain                                                                | Constraint (ns) |
+----------------+-----------------------------------------------------------------------+-----------------+
| adc_clk        | adc_clk_p_i                                                           |             8.0 |
| clk_fb         | pll/clk_fb                                                            |             8.0 |
| clk_fpga_3     | i_ps/system_i/system_i/processing_system7/inst/FCLK_CLK_unbuffered[3] |             5.0 |
| pll_adc_clk    | pll/clk_adc                                                           |             8.0 |
| pll_dac_clk_1x | pll/clk_dac_1x                                                        |             8.0 |
| pll_dac_clk_2p | pll/clk_dac_2p                                                        |             4.0 |
| pll_dac_clk_2x | pll/clk_dac_2x                                                        |             4.0 |
| pll_pwm_clk    | pll/clk_pwm                                                           |             4.0 |
+----------------+-----------------------------------------------------------------------+-----------------+


3. Detailed Reports
-------------------

3.1 By Hierarchy
----------------

+-----------------------------+-----------+
| Name                        | Power (W) |
+-----------------------------+-----------+
| red_pitaya_top              |     2.102 |
|   i_ams                     |     0.002 |
|   i_asg                     |     0.063 |
|     adv_trig_a              |     0.001 |
|     ch[0]                   |     0.026 |
|     ch[1]                   |     0.027 |
|     prng                    |     0.002 |
|   i_dsp                     |     0.319 |
|     dac_saturate[0]         |     0.002 |
|     dac_saturate[1]         |     0.002 |
|     genblk2[0].i_pid        |     0.030 |
|       pidfilter             |     0.017 |
|     genblk2[1].i_pid        |     0.030 |
|       pidfilter             |     0.017 |
|     genblk2[2].i_pid        |     0.030 |
|       pidfilter             |     0.017 |
|     genblk3[3].i_trigger    |     0.008 |
|       triggerfilter         |     0.004 |
|     genblk4[4].iir          |     0.006 |
|       iir_inputfilter       |     0.003 |
|     genblk5[5].iq           |     0.057 |
|       demodulator           |     0.004 |
|       inputfilter           |     0.004 |
|       iq_fgen               |     0.017 |
|       iqfilter[0]           |     0.010 |
|       iqfilter[1]           |     0.010 |
|       modulator             |     0.005 |
|     genblk5[6].iq           |     0.058 |
|       demodulator           |     0.004 |
|       inputfilter           |     0.003 |
|       iq_fgen               |     0.017 |
|       iqfilter[0]           |     0.010 |
|       iqfilter[1]           |     0.010 |
|       modulator             |     0.006 |
|     genblk6[7].iq_2_outputs |     0.080 |
|       demodulator           |     0.003 |
|       inputfilter           |     0.004 |
|       iq_fgen               |     0.017 |
|       iqfilter[0]           |     0.021 |
|       iqfilter[1]           |     0.020 |
|       modulator             |     0.005 |
|   i_hk                      |     0.001 |
|   i_ps                      |     1.316 |
|     axi_slave_gp0           |     0.004 |
|     system_i                |     1.311 |
|       system_i              |     1.311 |
|   i_scope                   |     0.048 |
|   pll                       |     0.097 |
|   pwm[0]                    |     0.001 |
|   pwm[1]                    |     0.001 |
|   pwm[2]                    |     0.001 |
|   pwm[3]                    |     0.001 |
+-----------------------------+-----------+


