Copyright 1986-2022 Xilinx, Inc. All Rights Reserved. Copyright 2022-2024 Advanced Micro Devices, Inc. All Rights Reserved.
---------------------------------------------------------------------------------------------------------------------------------------------
| Tool Version : Vivado v.2024.2 (win64) Build 5239630 Fri Nov 08 22:35:27 MST 2024
| Date         : Fri Feb 27 17:47:17 2026
| Host         : PCLDY-ESGT-419 running 64-bit major release  (build 9200)
| Command      : report_timing -file out/post_route_timing.rpt -sort_by group -max_paths 100 -path_type summary
| Design       : red_pitaya_top
| Device       : 7z010-clg400
| Speed File   : -1  PRODUCTION 1.12 2019-11-22
| Design State : Routed
---------------------------------------------------------------------------------------------------------------------------------------------

Timing Report

Startpoint                     Endpoint                       Slack(ns)     
----------------------------------------------------------------------------
i_dsp/sum2_reg[14]/C           i_dsp/genblk5[6].iq/shift_phase_effective_reg[29]/D
                                                              -5.635        
i_dsp/sum2_reg[14]/C           i_dsp/genblk5[6].iq/shift_phase_effective_reg[31]/D
                                                              -5.627        
i_dsp/genblk4[4].iir/y1a_reg[14]/C
                               i_dsp/genblk4[4].iir/p_ay1_reg[16]/D
                                                              -5.575        
i_dsp/genblk4[4].iir/y1a_reg[14]/C
                               i_dsp/genblk4[4].iir/p_ay1_reg[13]/D
                                                              -5.561        
i_dsp/sum2_reg[14]/C           i_dsp/genblk5[6].iq/shift_phase_effective_reg[30]/D
                                                              -5.551        
i_dsp/sum2_reg[14]/C           i_dsp/genblk5[6].iq/shift_phase_effective_reg[28]/D
                                                              -5.531        
i_dsp/sum2_reg[14]/C           i_dsp/genblk5[6].iq/shift_phase_effective_reg[25]/D
                                                              -5.518        
i_dsp/sum2_reg[14]/C           i_dsp/genblk5[6].iq/shift_phase_effective_reg[27]/D
                                                              -5.510        
i_dsp/genblk4[4].iir/y1a_reg[14]/C
                               i_dsp/genblk4[4].iir/overflow_reg[0]/D
                                                              -5.468        
i_dsp/sum2_reg[14]/C           i_dsp/genblk5[6].iq/shift_phase_effective_reg[26]/D
                                                              -5.434        
i_dsp/sum2_reg[14]/C           i_dsp/genblk5[6].iq/shift_phase_effective_reg[24]/D
                                                              -5.414        
i_dsp/sum2_reg[14]/C           i_dsp/genblk5[6].iq/shift_phase_effective_reg[7]/D
                                                              -5.370        
i_dsp/genblk4[4].iir/y1a_reg[14]/C
                               i_dsp/genblk4[4].iir/p_ay1_reg[14]/D
                                                              -5.330        
i_dsp/genblk4[4].iir/y1a_reg[14]/C
                               i_dsp/genblk4[4].iir/p_ay1_reg[10]/D
                                                              -5.329        
i_dsp/sum2_reg[14]/C           i_dsp/genblk5[6].iq/shift_phase_effective_reg[6]/D
                                                              -5.285        
i_dsp/sum2_reg[14]/C           i_dsp/genblk5[6].iq/shift_phase_effective_reg[21]/D
                                                              -5.275        
i_dsp/sum2_reg[14]/C           i_dsp/genblk5[6].iq/shift_phase_effective_reg[23]/D
                                                              -5.267        
i_dsp/genblk4[4].iir/x0b_reg[16]/C
                               i_dsp/genblk4[4].iir/p_bx0_reg[27]/D
                                                              -5.245        
i_dsp/genblk4[4].iir/y1a_reg[14]/C
                               i_dsp/genblk4[4].iir/p_ay1_reg[11]/D
                                                              -5.218        
i_dsp/genblk4[4].iir/y1a_reg[14]/C
                               i_dsp/genblk4[4].iir/p_ay1_reg[5]/D
                                                              -5.211        
i_dsp/genblk4[4].iir/y1a_reg[14]/C
                               i_dsp/genblk4[4].iir/p_ay1_reg[6]/D
                                                              -5.197        
i_dsp/genblk4[4].iir/y1a_reg[14]/C
                               i_dsp/genblk4[4].iir/p_ay1_reg[12]/D
                                                              -5.195        
i_dsp/sum2_reg[14]/C           i_dsp/genblk5[6].iq/shift_phase_effective_reg[22]/D
                                                              -5.191        
i_dsp/genblk4[4].iir/y1a_reg[14]/C
                               i_dsp/genblk4[4].iir/p_ay1_reg[15]/D
                                                              -5.180        
i_dsp/genblk4[4].iir/y1a_reg[14]/C
                               i_dsp/genblk4[4].iir/p_ay1_reg[20]/D
                                                              -5.178        
i_dsp/sum2_reg[14]/C           i_dsp/genblk5[6].iq/shift_phase_effective_reg[20]/D
                                                              -5.171        
i_dsp/genblk4[4].iir/y1a_reg[14]/C
                               i_dsp/genblk4[4].iir/p_ay1_reg[22]/D
                                                              -5.171        
i_dsp/genblk4[4].iir/y1a_reg[14]/C
                               i_dsp/genblk4[4].iir/p_ay1_reg[28]/D
                                                              -5.163        
i_dsp/sum2_reg[14]/C           i_dsp/genblk5[6].iq/shift_phase_effective_reg[17]/D
                                                              -5.158        
i_dsp/sum2_reg[14]/C           i_dsp/genblk5[6].iq/shift_phase_effective_reg[19]/D
                                                              -5.150        
i_dsp/genblk6[7].iq_2_outputs/iqfilter[1]/genblk2[0].lpf/delta[23]_i_2_psdsp/C
                               i_dsp/genblk6[7].iq_2_outputs/modulator/secondproduct1/D[8]
                                                              -5.135        
i_dsp/genblk4[4].iir/y1a_reg[14]/C
                               i_dsp/genblk4[4].iir/p_ay1_reg[21]/D
                                                              -5.129        
i_dsp/genblk6[7].iq_2_outputs/iqfilter[1]/genblk2[0].lpf/delta[23]_i_2_psdsp/C
                               i_dsp/genblk6[7].iq_2_outputs/modulator/secondproduct1/D[9]
                                                              -5.129        
i_dsp/genblk4[4].iir/y1a_reg[14]/C
                               i_dsp/genblk4[4].iir/p_ay1_reg[24]/D
                                                              -5.122        
i_dsp/genblk4[4].iir/y1a_reg[14]/C
                               i_dsp/genblk4[4].iir/p_ay1_reg[26]/D
                                                              -5.122        
i_dsp/genblk4[4].iir/y1a_reg[14]/C
                               i_dsp/genblk4[4].iir/p_ay1_reg[25]/D
                                                              -5.110        
i_dsp/genblk4[4].iir/y1a_reg[14]/C
                               i_dsp/genblk4[4].iir/p_ay1_reg[4]/D
                                                              -5.107        
i_dsp/genblk4[4].iir/y1a_reg[14]/C
                               i_dsp/genblk4[4].iir/p_ay1_reg[19]/D
                                                              -5.100        
i_dsp/genblk4[4].iir/y1a_reg[14]/C
                               i_dsp/genblk4[4].iir/p_ay1_reg[1]/D
                                                              -5.096        
i_dsp/genblk4[4].iir/y1a_reg[14]/C
                               i_dsp/genblk4[4].iir/p_ay1_reg[23]/D
                                                              -5.076        
i_dsp/sum2_reg[14]/C           i_dsp/genblk5[6].iq/shift_phase_effective_reg[18]/D
                                                              -5.074        
i_dsp/genblk4[4].iir/y1a_reg[14]/C
                               i_dsp/genblk4[4].iir/p_ay1_reg[2]/D
                                                              -5.074        
i_dsp/genblk4[4].iir/y1a_reg[14]/C
                               i_dsp/genblk4[4].iir/p_ay1_reg[30]/D
                                                              -5.068        
i_dsp/sum2_reg[14]/C           i_dsp/genblk6[7].iq_2_outputs/shift_phase_effective_reg[29]/D
                                                              -5.063        
i_dsp/genblk4[4].iir/y1a_reg[14]/C
                               i_dsp/genblk4[4].iir/p_ay1_reg[8]/D
                                                              -5.055        
i_dsp/sum2_reg[14]/C           i_dsp/genblk6[7].iq_2_outputs/shift_phase_effective_reg[31]/D
                                                              -5.055        
i_dsp/sum2_reg[14]/C           i_dsp/genblk5[6].iq/shift_phase_effective_reg[16]/D
                                                              -5.054        
i_dsp/genblk6[7].iq_2_outputs/iqfilter[1]/genblk2[0].lpf/delta[23]_i_2_psdsp/C
                               i_dsp/genblk6[7].iq_2_outputs/modulator/secondproduct1/D[7]
                                                              -5.049        
i_dsp/genblk4[4].iir/y1a_reg[14]/C
                               i_dsp/genblk4[4].iir/p_ay1_reg[0]/D
                                                              -5.048        
i_dsp/genblk4[4].iir/x0b_reg[16]/C
                               i_dsp/genblk4[4].iir/p_bx0_reg[0]/D
                                                              -5.042        
i_dsp/sum2_reg[14]/C           i_dsp/genblk5[6].iq/shift_phase_effective_reg[13]/D
                                                              -5.041        
i_dsp/genblk6[7].iq_2_outputs/iqfilter[1]/genblk2[0].lpf/delta[23]_i_2_psdsp/C
                               i_dsp/genblk6[7].iq_2_outputs/modulator/secondproduct1/D[1]
                                                              -5.039        
i_dsp/genblk6[7].iq_2_outputs/iqfilter[1]/genblk2[0].lpf/delta[23]_i_2_psdsp/C
                               i_dsp/genblk6[7].iq_2_outputs/modulator/secondproduct1/D[2]
                                                              -5.036        
i_dsp/sum2_reg[14]/C           i_dsp/genblk5[6].iq/shift_phase_effective_reg[15]/D
                                                              -5.033        
i_dsp/genblk6[7].iq_2_outputs/iqfilter[1]/genblk2[0].lpf/delta[23]_i_2_psdsp/C
                               i_dsp/genblk6[7].iq_2_outputs/modulator/secondproduct1/D[0]
                                                              -5.023        
i_dsp/genblk4[4].iir/y1a_reg[14]/C
                               i_dsp/genblk4[4].iir/p_ay1_reg[7]/D
                                                              -5.017        
i_dsp/sum2_reg[14]/C           i_dsp/genblk5[6].iq/shift_phase_effective_reg[5]/D
                                                              -5.012        
i_dsp/genblk6[7].iq_2_outputs/iqfilter[1]/genblk2[0].lpf/y_reg[37]/C
                               i_dsp/genblk6[7].iq_2_outputs/modulator/q1_product_reg_reg[11]/D
                                                              -5.002        
i_dsp/genblk4[4].iir/y1a_reg[14]/C
                               i_dsp/genblk4[4].iir/p_ay1_reg[3]/D
                                                              -4.998        
i_dsp/genblk6[7].iq_2_outputs/iqfilter[1]/genblk2[0].lpf/y_reg[37]/C
                               i_dsp/genblk6[7].iq_2_outputs/modulator/q1_product_reg_reg[2]/D
                                                              -4.995        
i_dsp/sum2_reg[14]/C           i_dsp/genblk6[7].iq_2_outputs/shift_phase_effective_reg[30]/D
                                                              -4.979        
i_dsp/genblk4[4].iir/y1a_reg[14]/C
                               i_dsp/genblk4[4].iir/p_ay1_reg[29]/D
                                                              -4.974        
i_dsp/genblk4[4].iir/y1a_reg[14]/C
                               i_dsp/genblk4[4].iir/p_ay1_reg[17]/D
                                                              -4.974        
i_dsp/genblk4[4].iir/y1a_reg[14]/C
                               i_dsp/genblk4[4].iir/p_ay1_reg[18]/D
                                                              -4.971        
i_dsp/sum2_reg[14]/C           i_dsp/genblk6[7].iq_2_outputs/shift_phase_effective_reg[28]/D
                                                              -4.959        
i_dsp/sum2_reg[14]/C           i_dsp/genblk5[6].iq/shift_phase_effective_reg[14]/D
                                                              -4.957        
i_dsp/genblk4[4].iir/y1a_reg[14]/C
                               i_dsp/genblk4[4].iir/p_ay1_reg[27]/D
                                                              -4.955        
i_dsp/sum2_reg[14]/C           i_dsp/genblk6[7].iq_2_outputs/shift_phase_effective_reg[25]/D
                                                              -4.947        
i_dsp/sum2_reg[14]/C           i_dsp/genblk6[7].iq_2_outputs/shift_phase_effective_reg[27]/D
                                                              -4.939        
i_dsp/sum2_reg[14]/C           i_dsp/genblk5[6].iq/shift_phase_effective_reg[12]/D
                                                              -4.937        
i_dsp/genblk4[4].iir/y1a_reg[14]/C
                               i_dsp/genblk4[4].iir/p_ay1_reg[9]/D
                                                              -4.937        
i_dsp/sum2_reg[14]/C           i_dsp/genblk5[6].iq/shift_phase_effective_reg[9]/D
                                                              -4.925        
i_dsp/sum2_reg[14]/C           i_dsp/genblk5[6].iq/shift_phase_effective_reg[11]/D
                                                              -4.917        
i_dsp/genblk6[7].iq_2_outputs/iqfilter[1]/genblk2[0].lpf/delta[23]_i_2_psdsp/C
                               i_dsp/genblk6[7].iq_2_outputs/modulator/secondproduct1/D[6]
                                                              -4.908        
i_dsp/genblk6[7].iq_2_outputs/iqfilter[1]/genblk2[0].lpf/delta[23]_i_2_psdsp/C
                               i_dsp/genblk6[7].iq_2_outputs/modulator/secondproduct1/D[4]
                                                              -4.907        
i_dsp/genblk6[7].iq_2_outputs/iqfilter[1]/genblk2[0].lpf/delta[23]_i_2_psdsp/C
                               i_dsp/genblk6[7].iq_2_outputs/modulator/secondproduct1/D[5]
                                                              -4.906        
i_dsp/sum2_reg[14]/C           i_dsp/genblk6[7].iq_2_outputs/shift_phase_effective_reg[7]/D
                                                              -4.883        
i_dsp/sum2_reg[14]/C           i_dsp/genblk6[7].iq_2_outputs/shift_phase_effective_reg[5]/D
                                                              -4.872        
i_dsp/genblk6[7].iq_2_outputs/iqfilter[1]/genblk2[0].lpf/delta[23]_i_2_psdsp/C
                               i_dsp/genblk6[7].iq_2_outputs/modulator/secondproduct1/D[10]
                                                              -4.871        
i_dsp/genblk4[4].iir/b1_reg[4]/C
                               i_dsp/genblk4[4].iir/overflow_reg[4]/D
                                                              -4.866        
i_dsp/sum2_reg[14]/C           i_dsp/genblk6[7].iq_2_outputs/shift_phase_effective_reg[26]/D
                                                              -4.863        
i_dsp/genblk5[6].iq/output_select_reg[3]/C
                               i_dsp/genblk5[5].iq/shift_phase_effective_reg[29]/D
                                                              -4.858        
i_dsp/genblk5[6].iq/output_select_reg[3]/C
                               i_dsp/genblk5[5].iq/shift_phase_effective_reg[31]/D
                                                              -4.850        
i_dsp/sum2_reg[14]/C           i_dsp/genblk6[7].iq_2_outputs/shift_phase_effective_reg[24]/D
                                                              -4.843        
i_dsp/sum2_reg[14]/C           i_dsp/genblk5[6].iq/shift_phase_effective_reg[10]/D
                                                              -4.841        
i_dsp/sum2_reg[14]/C           i_dsp/genblk6[7].iq_2_outputs/shift_phase_effective_reg[21]/D
                                                              -4.830        
i_dsp/sum2_reg[14]/C           i_dsp/genblk6[7].iq_2_outputs/shift_phase_effective_reg[23]/D
                                                              -4.822        
i_dsp/sum2_reg[14]/C           i_dsp/genblk5[6].iq/shift_phase_effective_reg[8]/D
                                                              -4.821        
i_dsp/sum2_reg[14]/C           i_dsp/genblk6[7].iq_2_outputs/shift_phase_effective_reg[6]/D
                                                              -4.798        
i_dsp/genblk6[7].iq_2_outputs/iqfilter[0]/genblk2[0].lpf/y_reg[44]/C
                               i_dsp/genblk6[7].iq_2_outputs/modulator/secondproduct2/B[1]
                                                              -4.776        
i_dsp/genblk4[4].iir/x0b_reg[16]/C
                               i_dsp/genblk4[4].iir/overflow_reg[3]/D
                                                              -4.775        
i_dsp/genblk5[6].iq/output_select_reg[3]/C
                               i_dsp/genblk5[5].iq/shift_phase_effective_reg[30]/D
                                                              -4.774        
i_dsp/genblk5[6].iq/output_select_reg[3]/C
                               i_dsp/genblk5[5].iq/shift_phase_effective_reg[7]/D
                                                              -4.759        
i_dsp/genblk5[6].iq/output_select_reg[3]/C
                               i_dsp/genblk5[5].iq/shift_phase_effective_reg[28]/D
                                                              -4.754        
i_dsp/genblk6[7].iq_2_outputs/iqfilter[1]/genblk2[0].lpf/y_reg[37]/C
                               i_dsp/genblk6[7].iq_2_outputs/modulator/q1_product_reg_reg[4]/D
                                                              -4.749        
i_dsp/sum2_reg[14]/C           i_dsp/genblk6[7].iq_2_outputs/shift_phase_effective_reg[22]/D
                                                              -4.746        
i_dsp/genblk6[7].iq_2_outputs/iqfilter[1]/genblk2[0].lpf/y_reg[37]/C
                               i_dsp/genblk6[7].iq_2_outputs/modulator/q1_product_reg_reg[1]/D
                                                              -4.744        
i_dsp/genblk5[6].iq/output_select_reg[3]/C
                               i_dsp/genblk5[5].iq/shift_phase_effective_reg[25]/D
                                                              -4.743        
i_dsp/genblk6[7].iq_2_outputs/iqfilter[1]/genblk2[0].lpf/delta[23]_i_2_psdsp/C
                               i_dsp/genblk6[7].iq_2_outputs/modulator/secondproduct1/D[11]
                                                              -4.736        
i_dsp/genblk5[6].iq/output_select_reg[3]/C
                               i_dsp/genblk5[5].iq/shift_phase_effective_reg[27]/D
                                                              -4.735        
pwm[3]/v_r_reg[3]/C            pwm[3]/pwm_o_reg/D             -0.721        
pwm[1]/v_r_reg[2]/C            pwm[1]/pwm_o_reg/D             -0.680        
pwm[0]/vcnt_r_reg[2]/C         pwm[0]/pwm_o_reg/D             -0.632        
i_ps/system_i/system_i/axi_protocol_converter_0/inst/gen_axilite.gen_b2s_conv.axilite_b2s/SI_REG/aw.aw_pipe/m_payload_i_reg[36]/C
                               i_ps/system_i/system_i/axi_protocol_converter_0/inst/gen_axilite.gen_b2s_conv.axilite_b2s/WR.aw_channel_0/cmd_translator_0/wrap_cmd_0/wrap_cnt_r_reg[3]/D
                                                              -0.358        
pwm[2]/vcnt_r_reg[0]/C         pwm[2]/pwm_o_reg/D             -0.356        
i_ps/system_i/system_i/axi_protocol_converter_0/inst/gen_axilite.gen_b2s_conv.axilite_b2s/WR.aw_channel_0/cmd_translator_0/wrap_cmd_0/sel_first_reg/C
                               i_ps/system_i/system_i/xadc/inst/AXI_XADC_CORE_I/XADC_INST/DADDR[6]
                                                              -0.195        
i_ps/system_i/system_i/xadc/inst/AXI_LITE_IPIF_I/I_SLAVE_ATTACHMENT/INCLUDE_DPHASE_TIMER.dpto_cnt_reg[6]/C
                               i_ps/system_i/system_i/axi_protocol_converter_0/inst/gen_axilite.gen_b2s_conv.axilite_b2s/RD.ar_channel_0/cmd_translator_0/incr_cmd_0/axaddr_incr_reg[8]/D
                                                              -0.186        
i_ps/system_i/system_i/axi_protocol_converter_0/inst/gen_axilite.gen_b2s_conv.axilite_b2s/RD.r_channel_0/rd_data_fifo_0/cnt_read_reg[1]/C
                               i_ps/system_i/system_i/axi_protocol_converter_0/inst/gen_axilite.gen_b2s_conv.axilite_b2s/RD.ar_channel_0/cmd_translator_0/wrap_cmd_0/sel_first_reg/CE
                                                              -0.143        
i_ps/system_i/system_i/xadc/inst/AXI_LITE_IPIF_I/I_SLAVE_ATTACHMENT/INCLUDE_DPHASE_TIMER.dpto_cnt_reg[6]/C
                               i_ps/system_i/system_i/axi_protocol_converter_0/inst/gen_axilite.gen_b2s_conv.axilite_b2s/RD.ar_channel_0/cmd_translator_0/wrap_cmd_0/wrap_cnt_r_reg[0]/CE
                                                              -0.134        
i_ps/system_i/system_i/xadc/inst/AXI_LITE_IPIF_I/I_SLAVE_ATTACHMENT/INCLUDE_DPHASE_TIMER.dpto_cnt_reg[6]/C
                               i_ps/system_i/system_i/axi_protocol_converter_0/inst/gen_axilite.gen_b2s_conv.axilite_b2s/RD.ar_channel_0/cmd_translator_0/wrap_cmd_0/wrap_cnt_r_reg[1]/CE
                                                              -0.134        
i_ps/system_i/system_i/xadc/inst/AXI_LITE_IPIF_I/I_SLAVE_ATTACHMENT/INCLUDE_DPHASE_TIMER.dpto_cnt_reg[6]/C
                               i_ps/system_i/system_i/axi_protocol_converter_0/inst/gen_axilite.gen_b2s_conv.axilite_b2s/RD.ar_channel_0/cmd_translator_0/wrap_cmd_0/wrap_cnt_r_reg[2]/CE
                                                              -0.134        
i_ps/system_i/system_i/axi_protocol_converter_0/inst/gen_axilite.gen_b2s_conv.axilite_b2s/SI_REG/aw.aw_pipe/m_payload_i_reg[5]/C
                               i_ps/system_i/system_i/xadc/inst/AXI_LITE_IPIF_I/I_SLAVE_ATTACHMENT/I_DECODER/GEN_BKEND_CE_REGISTERS[5].ce_out_i_reg[5]/D
                                                              -0.133        
i_ps/system_i/system_i/axi_protocol_converter_0/inst/gen_axilite.gen_b2s_conv.axilite_b2s/SI_REG/aw.aw_pipe/m_payload_i_reg[6]/C
                               i_ps/system_i/system_i/xadc/inst/AXI_LITE_IPIF_I/I_SLAVE_ATTACHMENT/I_DECODER/GEN_BKEND_CE_REGISTERS[10].ce_out_i_reg[10]/D
                                                              -0.130        
i_ps/system_i/system_i/axi_protocol_converter_0/inst/gen_axilite.gen_b2s_conv.axilite_b2s/SI_REG/aw.aw_pipe/m_payload_i_reg[6]/C
                               i_ps/system_i/system_i/xadc/inst/AXI_LITE_IPIF_I/I_SLAVE_ATTACHMENT/I_DECODER/GEN_BKEND_CE_REGISTERS[11].ce_out_i_reg[11]/D
                                                              -0.125        
i_ps/system_i/system_i/axi_protocol_converter_0/inst/gen_axilite.gen_b2s_conv.axilite_b2s/SI_REG/aw.aw_pipe/m_payload_i_reg[6]/C
                               i_ps/system_i/system_i/xadc/inst/AXI_LITE_IPIF_I/I_SLAVE_ATTACHMENT/I_DECODER/GEN_BKEND_CE_REGISTERS[21].ce_out_i_reg[21]/D
                                                              -0.124        
i_ps/system_i/system_i/axi_protocol_converter_0/inst/gen_axilite.gen_b2s_conv.axilite_b2s/SI_REG/aw.aw_pipe/m_payload_i_reg[6]/C
                               i_ps/system_i/system_i/xadc/inst/AXI_LITE_IPIF_I/I_SLAVE_ATTACHMENT/I_DECODER/GEN_BKEND_CE_REGISTERS[19].ce_out_i_reg[19]/D
                                                              -0.123        
i_ps/system_i/system_i/axi_protocol_converter_0/inst/gen_axilite.gen_b2s_conv.axilite_b2s/SI_REG/aw.aw_pipe/m_payload_i_reg[6]/C
                               i_ps/system_i/system_i/xadc/inst/AXI_LITE_IPIF_I/I_SLAVE_ATTACHMENT/I_DECODER/GEN_BKEND_CE_REGISTERS[18].ce_out_i_reg[18]/D
                                                              -0.119        
i_ps/system_i/system_i/axi_protocol_converter_0/inst/gen_axilite.gen_b2s_conv.axilite_b2s/SI_REG/aw.aw_pipe/m_payload_i_reg[6]/C
                               i_ps/system_i/system_i/xadc/inst/AXI_LITE_IPIF_I/I_SLAVE_ATTACHMENT/I_DECODER/GEN_BKEND_CE_REGISTERS[9].ce_out_i_reg[9]/D
                                                              -0.119        
i_ps/system_i/system_i/axi_protocol_converter_0/inst/gen_axilite.gen_b2s_conv.axilite_b2s/SI_REG/aw.aw_pipe/m_payload_i_reg[5]/C
                               i_ps/system_i/system_i/xadc/inst/AXI_LITE_IPIF_I/I_SLAVE_ATTACHMENT/I_DECODER/GEN_BKEND_CE_REGISTERS[6].ce_out_i_reg[6]/D
                                                              -0.114        
i_ps/system_i/system_i/axi_protocol_converter_0/inst/gen_axilite.gen_b2s_conv.axilite_b2s/SI_REG/aw.aw_pipe/m_payload_i_reg[5]/C
                               i_ps/system_i/system_i/xadc/inst/AXI_LITE_IPIF_I/I_SLAVE_ATTACHMENT/I_DECODER/GEN_BKEND_CE_REGISTERS[7].ce_out_i_reg[7]/D
                                                              -0.112        
i_ps/system_i/system_i/xadc/inst/AXI_LITE_IPIF_I/I_SLAVE_ATTACHMENT/INCLUDE_DPHASE_TIMER.dpto_cnt_reg[6]/C
                               i_ps/system_i/system_i/axi_protocol_converter_0/inst/gen_axilite.gen_b2s_conv.axilite_b2s/RD.ar_channel_0/cmd_translator_0/incr_cmd_0/axaddr_incr_reg[7]/D
                                                              -0.110        
i_ps/system_i/system_i/axi_protocol_converter_0/inst/gen_axilite.gen_b2s_conv.axilite_b2s/SI_REG/aw.aw_pipe/m_payload_i_reg[6]/C
                               i_ps/system_i/system_i/xadc/inst/AXI_LITE_IPIF_I/I_SLAVE_ATTACHMENT/I_DECODER/GEN_BKEND_CE_REGISTERS[14].ce_out_i_reg[14]/D
                                                              -0.105        
i_ps/system_i/system_i/axi_protocol_converter_0/inst/gen_axilite.gen_b2s_conv.axilite_b2s/SI_REG/aw.aw_pipe/m_payload_i_reg[6]/C
                               i_ps/system_i/system_i/xadc/inst/AXI_LITE_IPIF_I/I_SLAVE_ATTACHMENT/I_DECODER/GEN_BKEND_CE_REGISTERS[16].ce_out_i_reg[16]/D
                                                              -0.096        
i_ps/system_i/system_i/axi_protocol_converter_0/inst/gen_axilite.gen_b2s_conv.axilite_b2s/SI_REG/aw.aw_pipe/m_payload_i_reg[6]/C
                               i_ps/system_i/system_i/xadc/inst/AXI_LITE_IPIF_I/I_SLAVE_ATTACHMENT/I_DECODER/GEN_BKEND_CE_REGISTERS[23].ce_out_i_reg[23]/D
                                                              -0.095        
i_ps/system_i/system_i/axi_protocol_converter_0/inst/gen_axilite.gen_b2s_conv.axilite_b2s/SI_REG/aw.aw_pipe/m_payload_i_reg[6]/C
                               i_ps/system_i/system_i/xadc/inst/AXI_LITE_IPIF_I/I_SLAVE_ATTACHMENT/I_DECODER/GEN_BKEND_CE_REGISTERS[20].ce_out_i_reg[20]/D
                                                              -0.092        
i_ps/system_i/system_i/axi_protocol_converter_0/inst/gen_axilite.gen_b2s_conv.axilite_b2s/SI_REG/aw.aw_pipe/m_payload_i_reg[6]/C
                               i_ps/system_i/system_i/xadc/inst/AXI_LITE_IPIF_I/I_SLAVE_ATTACHMENT/I_DECODER/GEN_BKEND_CE_REGISTERS[15].ce_out_i_reg[15]/D
                                                              -0.086        
i_ps/system_i/system_i/axi_protocol_converter_0/inst/gen_axilite.gen_b2s_conv.axilite_b2s/RD.ar_channel_0/ar_cmd_fsm_0/FSM_sequential_state_reg[1]/C
                               i_ps/system_i/system_i/xadc/inst/SOFT_RESET_I/reset_trig_reg/D
                                                              -0.085        
i_ps/system_i/system_i/axi_protocol_converter_0/inst/gen_axilite.gen_b2s_conv.axilite_b2s/SI_REG/aw.aw_pipe/m_payload_i_reg[6]/C
                               i_ps/system_i/system_i/xadc/inst/AXI_LITE_IPIF_I/I_SLAVE_ATTACHMENT/I_DECODER/GEN_BKEND_CE_REGISTERS[13].ce_out_i_reg[13]/D
                                                              -0.085        
i_ps/system_i/system_i/xadc/inst/AXI_LITE_IPIF_I/I_SLAVE_ATTACHMENT/INCLUDE_DPHASE_TIMER.dpto_cnt_reg[6]/C
                               i_ps/system_i/system_i/axi_protocol_converter_0/inst/gen_axilite.gen_b2s_conv.axilite_b2s/RD.ar_channel_0/cmd_translator_0/incr_cmd_0/axaddr_incr_reg[0]/CE
                                                              -0.079        
i_ps/system_i/system_i/xadc/inst/AXI_LITE_IPIF_I/I_SLAVE_ATTACHMENT/INCLUDE_DPHASE_TIMER.dpto_cnt_reg[6]/C
                               i_ps/system_i/system_i/axi_protocol_converter_0/inst/gen_axilite.gen_b2s_conv.axilite_b2s/RD.ar_channel_0/cmd_translator_0/incr_cmd_0/axaddr_incr_reg[1]/CE
                                                              -0.079        
i_ps/system_i/system_i/xadc/inst/AXI_LITE_IPIF_I/I_SLAVE_ATTACHMENT/INCLUDE_DPHASE_TIMER.dpto_cnt_reg[6]/C
                               i_ps/system_i/system_i/axi_protocol_converter_0/inst/gen_axilite.gen_b2s_conv.axilite_b2s/RD.ar_channel_0/cmd_translator_0/incr_cmd_0/axaddr_incr_reg[5]/D
                                                              -0.078        
i_ps/system_i/system_i/xadc/inst/AXI_LITE_IPIF_I/I_SLAVE_ATTACHMENT/INCLUDE_DPHASE_TIMER.dpto_cnt_reg[6]/C
                               i_ps/system_i/system_i/axi_protocol_converter_0/inst/gen_axilite.gen_b2s_conv.axilite_b2s/WR.aw_channel_0/cmd_translator_0/incr_cmd_0/axaddr_incr_reg[9]/D
                                                              -0.078        
i_ps/system_i/system_i/axi_protocol_converter_0/inst/gen_axilite.gen_b2s_conv.axilite_b2s/SI_REG/aw.aw_pipe/m_payload_i_reg[5]/C
                               i_ps/system_i/system_i/xadc/inst/AXI_LITE_IPIF_I/I_SLAVE_ATTACHMENT/I_DECODER/GEN_BKEND_CE_REGISTERS[4].ce_out_i_reg[4]/D
                                                              -0.078        
i_ps/system_i/system_i/axi_protocol_converter_0/inst/gen_axilite.gen_b2s_conv.axilite_b2s/SI_REG/aw.aw_pipe/m_payload_i_reg[5]/C
                               i_ps/system_i/system_i/xadc/inst/AXI_LITE_IPIF_I/I_SLAVE_ATTACHMENT/I_DECODER/GEN_BKEND_CE_REGISTERS[2].ce_out_i_reg[2]/D
                                                              -0.073        
i_ps/system_i/system_i/axi_protocol_converter_0/inst/gen_axilite.gen_b2s_conv.axilite_b2s/SI_REG/aw.aw_pipe/m_payload_i_reg[5]/C
                               i_ps/system_i/system_i/xadc/inst/AXI_LITE_IPIF_I/I_SLAVE_ATTACHMENT/I_DECODER/GEN_BKEND_CE_REGISTERS[3].ce_out_i_reg[3]/D
                                                              -0.071        
i_ps/system_i/system_i/axi_protocol_converter_0/inst/gen_axilite.gen_b2s_conv.axilite_b2s/RD.r_channel_0/rd_data_fifo_0/cnt_read_reg[1]/C
                               i_ps/system_i/system_i/axi_protocol_converter_0/inst/gen_axilite.gen_b2s_conv.axilite_b2s/RD.ar_channel_0/cmd_translator_0/s_axburst_eq0_reg/CE
                                                              -0.059        
i_ps/system_i/system_i/axi_protocol_converter_0/inst/gen_axilite.gen_b2s_conv.axilite_b2s/RD.r_channel_0/rd_data_fifo_0/cnt_read_reg[1]/C
                               i_ps/system_i/system_i/axi_protocol_converter_0/inst/gen_axilite.gen_b2s_conv.axilite_b2s/RD.ar_channel_0/cmd_translator_0/s_axburst_eq1_reg/CE
                                                              -0.059        
i_ps/system_i/system_i/xadc/inst/AXI_LITE_IPIF_I/I_SLAVE_ATTACHMENT/INCLUDE_DPHASE_TIMER.dpto_cnt_reg[6]/C
                               i_ps/system_i/system_i/axi_protocol_converter_0/inst/gen_axilite.gen_b2s_conv.axilite_b2s/RD.ar_channel_0/cmd_translator_0/incr_cmd_0/axlen_cnt_reg[0]/CE
                                                              -0.045        
i_ps/system_i/system_i/xadc/inst/AXI_LITE_IPIF_I/I_SLAVE_ATTACHMENT/INCLUDE_DPHASE_TIMER.dpto_cnt_reg[6]/C
                               i_ps/system_i/system_i/axi_protocol_converter_0/inst/gen_axilite.gen_b2s_conv.axilite_b2s/RD.ar_channel_0/cmd_translator_0/incr_cmd_0/axlen_cnt_reg[1]/CE
                                                              -0.045        
i_ps/system_i/system_i/xadc/inst/AXI_LITE_IPIF_I/I_SLAVE_ATTACHMENT/INCLUDE_DPHASE_TIMER.dpto_cnt_reg[6]/C
                               i_ps/system_i/system_i/axi_protocol_converter_0/inst/gen_axilite.gen_b2s_conv.axilite_b2s/RD.ar_channel_0/cmd_translator_0/incr_cmd_0/axlen_cnt_reg[2]/CE
                                                              -0.045        
i_ps/system_i/system_i/xadc/inst/AXI_LITE_IPIF_I/I_SLAVE_ATTACHMENT/INCLUDE_DPHASE_TIMER.dpto_cnt_reg[6]/C
                               i_ps/system_i/system_i/axi_protocol_converter_0/inst/gen_axilite.gen_b2s_conv.axilite_b2s/RD.ar_channel_0/cmd_translator_0/incr_cmd_0/axlen_cnt_reg[3]/CE
                                                              -0.045        
i_ps/system_i/system_i/xadc/inst/AXI_LITE_IPIF_I/I_SLAVE_ATTACHMENT/INCLUDE_DPHASE_TIMER.dpto_cnt_reg[6]/C
                               i_ps/system_i/system_i/axi_protocol_converter_0/inst/gen_axilite.gen_b2s_conv.axilite_b2s/RD.ar_channel_0/cmd_translator_0/incr_cmd_0/axlen_cnt_reg[8]/CE
                                                              -0.045        
i_ps/system_i/system_i/xadc/inst/AXI_LITE_IPIF_I/I_SLAVE_ATTACHMENT/INCLUDE_DPHASE_TIMER.dpto_cnt_reg[6]/C
                               i_ps/system_i/system_i/axi_protocol_converter_0/inst/gen_axilite.gen_b2s_conv.axilite_b2s/RD.ar_channel_0/cmd_translator_0/incr_cmd_0/axaddr_incr_reg[2]/CE
                                                              -0.044        
i_ps/system_i/system_i/xadc/inst/AXI_LITE_IPIF_I/I_SLAVE_ATTACHMENT/INCLUDE_DPHASE_TIMER.dpto_cnt_reg[6]/C
                               i_ps/system_i/system_i/axi_protocol_converter_0/inst/gen_axilite.gen_b2s_conv.axilite_b2s/RD.ar_channel_0/cmd_translator_0/incr_cmd_0/axaddr_incr_reg[3]/CE
                                                              -0.044        
i_ps/system_i/system_i/xadc/inst/AXI_LITE_IPIF_I/I_SLAVE_ATTACHMENT/INCLUDE_DPHASE_TIMER.dpto_cnt_reg[6]/C
                               i_ps/system_i/system_i/axi_protocol_converter_0/inst/gen_axilite.gen_b2s_conv.axilite_b2s/RD.ar_channel_0/cmd_translator_0/incr_cmd_0/axaddr_incr_reg[4]/CE
                                                              -0.044        
i_ps/system_i/system_i/xadc/inst/AXI_LITE_IPIF_I/I_SLAVE_ATTACHMENT/INCLUDE_DPHASE_TIMER.dpto_cnt_reg[6]/C
                               i_ps/system_i/system_i/axi_protocol_converter_0/inst/gen_axilite.gen_b2s_conv.axilite_b2s/RD.ar_channel_0/cmd_translator_0/incr_cmd_0/axaddr_incr_reg[5]/CE
                                                              -0.044        
i_ps/system_i/system_i/xadc/inst/AXI_LITE_IPIF_I/I_SLAVE_ATTACHMENT/INCLUDE_DPHASE_TIMER.dpto_cnt_reg[6]/C
                               i_ps/system_i/system_i/axi_protocol_converter_0/inst/gen_axilite.gen_b2s_conv.axilite_b2s/RD.ar_channel_0/cmd_translator_0/incr_cmd_0/axaddr_incr_reg[6]/CE
                                                              -0.044        
i_ps/system_i/system_i/xadc/inst/AXI_LITE_IPIF_I/I_SLAVE_ATTACHMENT/INCLUDE_DPHASE_TIMER.dpto_cnt_reg[6]/C
                               i_ps/system_i/system_i/axi_protocol_converter_0/inst/gen_axilite.gen_b2s_conv.axilite_b2s/RD.ar_channel_0/cmd_translator_0/incr_cmd_0/axaddr_incr_reg[7]/CE
                                                              -0.044        
i_ps/system_i/system_i/xadc/inst/AXI_LITE_IPIF_I/I_SLAVE_ATTACHMENT/INCLUDE_DPHASE_TIMER.dpto_cnt_reg[6]/C
                               i_ps/system_i/system_i/axi_protocol_converter_0/inst/gen_axilite.gen_b2s_conv.axilite_b2s/RD.ar_channel_0/cmd_translator_0/incr_cmd_0/axaddr_incr_reg[8]/CE
                                                              -0.044        
i_ps/system_i/system_i/xadc/inst/AXI_LITE_IPIF_I/I_SLAVE_ATTACHMENT/INCLUDE_DPHASE_TIMER.dpto_cnt_reg[6]/C
                               i_ps/system_i/system_i/axi_protocol_converter_0/inst/gen_axilite.gen_b2s_conv.axilite_b2s/RD.ar_channel_0/cmd_translator_0/incr_cmd_0/axaddr_incr_reg[9]/CE
                                                              -0.044        
i_ps/system_i/system_i/axi_protocol_converter_0/inst/gen_axilite.gen_b2s_conv.axilite_b2s/SI_REG/aw.aw_pipe/m_payload_i_reg[36]/C
                               i_ps/system_i/system_i/axi_protocol_converter_0/inst/gen_axilite.gen_b2s_conv.axilite_b2s/WR.aw_channel_0/cmd_translator_0/wrap_cmd_0/wrap_second_len_r_reg[2]/D
                                                              -0.039        
pwm[1]/vcnt_reg[1]/C           pwm[1]/b_reg[7]/CE             -0.035        
pwm[1]/vcnt_reg[1]/C           pwm[1]/b_reg[8]/CE             -0.035        
pwm[1]/vcnt_reg[1]/C           pwm[1]/b_reg[9]/CE             -0.035        
pwm_rstn_reg/C                 pwm[2]/pwm_o_reg/R             -0.027        
i_ps/system_i/system_i/axi_protocol_converter_0/inst/gen_axilite.gen_b2s_conv.axilite_b2s/SI_REG/aw.aw_pipe/m_payload_i_reg[36]/C
                               i_ps/system_i/system_i/axi_protocol_converter_0/inst/gen_axilite.gen_b2s_conv.axilite_b2s/WR.aw_channel_0/cmd_translator_0/wrap_cmd_0/wrap_cnt_r_reg[2]/D
                                                              -0.021        
i_ps/system_i/system_i/axi_protocol_converter_0/inst/gen_axilite.gen_b2s_conv.axilite_b2s/WR.aw_channel_0/cmd_translator_0/s_axburst_eq1_reg/C
                               i_ps/system_i/system_i/axi_protocol_converter_0/inst/gen_axilite.gen_b2s_conv.axilite_b2s/WR.aw_channel_0/cmd_translator_0/incr_cmd_0/axlen_cnt_reg[6]/CE
                                                              -0.019        
i_ps/system_i/system_i/xadc/inst/AXI_LITE_IPIF_I/I_SLAVE_ATTACHMENT/INCLUDE_DPHASE_TIMER.dpto_cnt_reg[6]/C
                               i_ps/system_i/system_i/axi_protocol_converter_0/inst/gen_axilite.gen_b2s_conv.axilite_b2s/WR.aw_channel_0/cmd_translator_0/incr_cmd_0/axaddr_incr_reg[1]/CE
                                                              -0.017        
i_ps/system_i/system_i/xadc/inst/AXI_LITE_IPIF_I/I_SLAVE_ATTACHMENT/INCLUDE_DPHASE_TIMER.dpto_cnt_reg[6]/C
                               i_ps/system_i/system_i/axi_protocol_converter_0/inst/gen_axilite.gen_b2s_conv.axilite_b2s/WR.aw_channel_0/cmd_translator_0/incr_cmd_0/axaddr_incr_reg[3]/CE
                                                              -0.017        
i_ps/system_i/system_i/xadc/inst/AXI_LITE_IPIF_I/I_SLAVE_ATTACHMENT/INCLUDE_DPHASE_TIMER.dpto_cnt_reg[6]/C
                               i_ps/system_i/system_i/axi_protocol_converter_0/inst/gen_axilite.gen_b2s_conv.axilite_b2s/WR.aw_channel_0/cmd_translator_0/incr_cmd_0/axaddr_incr_reg[6]/CE
                                                              -0.017        
i_ps/system_i/system_i/xadc/inst/AXI_LITE_IPIF_I/I_SLAVE_ATTACHMENT/INCLUDE_DPHASE_TIMER.dpto_cnt_reg[6]/C
                               i_ps/system_i/system_i/axi_protocol_converter_0/inst/gen_axilite.gen_b2s_conv.axilite_b2s/WR.aw_channel_0/cmd_translator_0/incr_cmd_0/axaddr_incr_reg[9]/CE
                                                              -0.017        
pwm[1]/vcnt_reg[1]/C           pwm[1]/bcnt_reg[0]/CE          -0.013        
pwm[1]/vcnt_reg[1]/C           pwm[1]/bcnt_reg[1]/CE          -0.013        
pwm[1]/vcnt_reg[1]/C           pwm[1]/bcnt_reg[2]/CE          -0.013        
pwm[1]/vcnt_reg[1]/C           pwm[1]/bcnt_reg[3]/CE          -0.013        
i_ps/system_i/system_i/axi_protocol_converter_0/inst/gen_axilite.gen_b2s_conv.axilite_b2s/WR.aw_channel_0/cmd_translator_0/s_axburst_eq1_reg/C
                               i_ps/system_i/system_i/axi_protocol_converter_0/inst/gen_axilite.gen_b2s_conv.axilite_b2s/WR.aw_channel_0/cmd_translator_0/incr_cmd_0/axaddr_incr_reg[7]/D
                                                              -0.011        
i_ps/system_i/system_i/axi_protocol_converter_0/inst/gen_axilite.gen_b2s_conv.axilite_b2s/RD.ar_channel_0/ar_cmd_fsm_0/FSM_sequential_state_reg[1]/C
                               i_ps/system_i/system_i/xadc/inst/INTR_CTRLR_GEN_I.ip2bus_wrack_reg/D
                                                              -0.006        
i_ps/system_i/system_i/xadc/inst/AXI_LITE_IPIF_I/I_SLAVE_ATTACHMENT/INCLUDE_DPHASE_TIMER.dpto_cnt_reg[6]/C
                               i_ps/system_i/system_i/axi_protocol_converter_0/inst/gen_axilite.gen_b2s_conv.axilite_b2s/WR.aw_channel_0/cmd_translator_0/incr_cmd_0/axaddr_incr_reg[0]/CE
                                                              -0.002        
i_ps/system_i/system_i/xadc/inst/AXI_LITE_IPIF_I/I_SLAVE_ATTACHMENT/INCLUDE_DPHASE_TIMER.dpto_cnt_reg[6]/C
                               i_ps/system_i/system_i/axi_protocol_converter_0/inst/gen_axilite.gen_b2s_conv.axilite_b2s/WR.aw_channel_0/cmd_translator_0/incr_cmd_0/axaddr_incr_reg[4]/CE
                                                              -0.002        
i_ps/system_i/system_i/xadc/inst/AXI_LITE_IPIF_I/I_SLAVE_ATTACHMENT/INCLUDE_DPHASE_TIMER.dpto_cnt_reg[6]/C
                               i_ps/system_i/system_i/axi_protocol_converter_0/inst/gen_axilite.gen_b2s_conv.axilite_b2s/WR.aw_channel_0/cmd_translator_0/incr_cmd_0/axaddr_incr_reg[5]/CE
                                                              -0.002        
i_ps/system_i/system_i/xadc/inst/AXI_LITE_IPIF_I/I_SLAVE_ATTACHMENT/INCLUDE_DPHASE_TIMER.dpto_cnt_reg[6]/C
                               i_ps/system_i/system_i/axi_protocol_converter_0/inst/gen_axilite.gen_b2s_conv.axilite_b2s/WR.aw_channel_0/cmd_translator_0/incr_cmd_0/axaddr_incr_reg[8]/CE
                                                              -0.002        
i_ps/system_i/system_i/axi_protocol_converter_0/inst/gen_axilite.gen_b2s_conv.axilite_b2s/SI_REG/ar.ar_pipe/m_payload_i_reg[5]/C
                               i_ps/system_i/system_i/axi_protocol_converter_0/inst/gen_axilite.gen_b2s_conv.axilite_b2s/RD.ar_channel_0/cmd_translator_0/wrap_cmd_0/wrap_cnt_r_reg[2]/D
                                                              0.003         
i_ps/system_i/system_i/axi_protocol_converter_0/inst/gen_axilite.gen_b2s_conv.axilite_b2s/SI_REG/aw.aw_pipe/m_payload_i_reg[5]/C
                               i_ps/system_i/system_i/xadc/inst/AXI_XADC_CORE_I/XADC_INST/DADDR[3]
                                                              0.007         
i_ps/system_i/system_i/axi_protocol_converter_0/inst/gen_axilite.gen_b2s_conv.axilite_b2s/WR.aw_channel_0/cmd_translator_0/wrap_cmd_0/sel_first_reg/C
                               i_ps/system_i/system_i/xadc/inst/AXI_XADC_CORE_I/XADC_INST/DADDR[5]
                                                              0.017         
i_ps/system_i/system_i/xadc/inst/AXI_LITE_IPIF_I/I_SLAVE_ATTACHMENT/INCLUDE_DPHASE_TIMER.dpto_cnt_reg[6]/C
                               i_ps/system_i/system_i/axi_protocol_converter_0/inst/gen_axilite.gen_b2s_conv.axilite_b2s/RD.ar_channel_0/cmd_translator_0/incr_cmd_0/axaddr_incr_reg[6]/D
                                                              0.018         
i_ps/system_i/system_i/axi_protocol_converter_0/inst/gen_axilite.gen_b2s_conv.axilite_b2s/SI_REG/aw.aw_pipe/m_payload_i_reg[5]/C
                               i_ps/system_i/system_i/xadc/inst/AXI_LITE_IPIF_I/I_SLAVE_ATTACHMENT/I_DECODER/GEN_BKEND_CE_REGISTERS[1].ce_out_i_reg[1]/D
                                                              0.022         
pwm[1]/vcnt_reg[1]/C           pwm[1]/b_reg[0]/CE             0.028         
pwm[1]/vcnt_reg[1]/C           pwm[1]/b_reg[1]/CE             0.028         
pwm[1]/vcnt_reg[1]/C           pwm[1]/b_reg[2]/CE             0.028         
pwm[1]/vcnt_reg[1]/C           pwm[1]/b_reg[3]/CE             0.028         
i_ps/system_i/system_i/axi_protocol_converter_0/inst/gen_axilite.gen_b2s_conv.axilite_b2s/SI_REG/aw.aw_pipe/m_payload_i_reg[6]/C
                               i_ps/system_i/system_i/xadc/inst/AXI_XADC_CORE_I/XADC_INST/DADDR[4]
                                                              0.030         
i_ps/system_i/system_i/xadc/inst/AXI_LITE_IPIF_I/I_SLAVE_ATTACHMENT/INCLUDE_DPHASE_TIMER.dpto_cnt_reg[6]/C
                               i_ps/system_i/system_i/axi_protocol_converter_0/inst/gen_axilite.gen_b2s_conv.axilite_b2s/WR.aw_channel_0/cmd_translator_0/incr_cmd_0/axaddr_incr_reg[6]/D
                                                              0.032         
i_ps/system_i/system_i/axi_protocol_converter_0/inst/gen_axilite.gen_b2s_conv.axilite_b2s/WR.aw_channel_0/cmd_translator_0/s_axburst_eq1_reg/C
                               i_ps/system_i/system_i/axi_protocol_converter_0/inst/gen_axilite.gen_b2s_conv.axilite_b2s/WR.aw_channel_0/cmd_translator_0/incr_cmd_0/axlen_cnt_reg[4]/CE
                                                              0.037         
i_ps/system_i/system_i/axi_protocol_converter_0/inst/gen_axilite.gen_b2s_conv.axilite_b2s/WR.aw_channel_0/cmd_translator_0/s_axburst_eq1_reg/C
                               i_ps/system_i/system_i/axi_protocol_converter_0/inst/gen_axilite.gen_b2s_conv.axilite_b2s/WR.aw_channel_0/cmd_translator_0/incr_cmd_0/axlen_cnt_reg[5]/CE
                                                              0.037         
i_ps/system_i/system_i/axi_protocol_converter_0/inst/gen_axilite.gen_b2s_conv.axilite_b2s/WR.aw_channel_0/cmd_translator_0/s_axburst_eq1_reg/C
                               i_ps/system_i/system_i/axi_protocol_converter_0/inst/gen_axilite.gen_b2s_conv.axilite_b2s/WR.aw_channel_0/cmd_translator_0/incr_cmd_0/axlen_cnt_reg[7]/CE
                                                              0.037         
i_ps/system_i/system_i/axi_protocol_converter_0/inst/gen_axilite.gen_b2s_conv.axilite_b2s/SI_REG/aw.aw_pipe/m_payload_i_reg[6]/C
                               i_ps/system_i/system_i/xadc/inst/AXI_LITE_IPIF_I/I_SLAVE_ATTACHMENT/I_DECODER/GEN_BKEND_CE_REGISTERS[22].ce_out_i_reg[22]/D
                                                              0.040         
i_ps/system_i/system_i/axi_protocol_converter_0/inst/gen_axilite.gen_b2s_conv.axilite_b2s/SI_REG/aw.aw_pipe/m_payload_i_reg[6]/C
                               i_ps/system_i/system_i/xadc/inst/AXI_LITE_IPIF_I/I_SLAVE_ATTACHMENT/I_DECODER/GEN_BKEND_CE_REGISTERS[12].ce_out_i_reg[12]/D
                                                              0.041         
pwm_rstn_reg/C                 pwm[3]/v_reg[4]/CE             0.041         
pwm_rstn_reg/C                 pwm[3]/v_reg[5]/CE             0.041         
pwm_rstn_reg/C                 pwm[3]/v_reg[6]/CE             0.041         
pwm_rstn_reg/C                 pwm[3]/v_reg[7]/CE             0.041         
pwm[1]/vcnt_reg[1]/C           pwm[1]/b_reg[4]/CE             0.055         
pwm[1]/vcnt_reg[1]/C           pwm[1]/b_reg[10]/CE            0.061         
pwm[1]/vcnt_reg[1]/C           pwm[1]/b_reg[5]/CE             0.061         
i_ps/system_i/system_i/axi_protocol_converter_0/inst/gen_axilite.gen_b2s_conv.axilite_b2s/SI_REG/aw.aw_pipe/m_payload_i_reg[5]/C
                               i_ps/system_i/system_i/xadc/inst/AXI_LITE_IPIF_I/I_SLAVE_ATTACHMENT/I_DECODER/GEN_BKEND_CE_REGISTERS[0].ce_out_i_reg[0]/D
                                                              0.074         
i_ps/system_i/system_i/axi_protocol_converter_0/inst/gen_axilite.gen_b2s_conv.axilite_b2s/WR.b_channel_0/bid_fifo_0/cnt_read_reg[1]/C
                               i_ps/system_i/system_i/axi_protocol_converter_0/inst/gen_axilite.gen_b2s_conv.axilite_b2s/SI_REG/aw.aw_pipe/m_payload_i_reg[35]/CE
                                                              0.086         
i_ps/system_i/system_i/axi_protocol_converter_0/inst/gen_axilite.gen_b2s_conv.axilite_b2s/WR.b_channel_0/bid_fifo_0/cnt_read_reg[1]/C
                               i_ps/system_i/system_i/axi_protocol_converter_0/inst/gen_axilite.gen_b2s_conv.axilite_b2s/SI_REG/aw.aw_pipe/m_payload_i_reg[36]/CE
                                                              0.086         
i_ps/system_i/system_i/axi_protocol_converter_0/inst/gen_axilite.gen_b2s_conv.axilite_b2s/WR.b_channel_0/bid_fifo_0/cnt_read_reg[1]/C
                               i_ps/system_i/system_i/axi_protocol_converter_0/inst/gen_axilite.gen_b2s_conv.axilite_b2s/SI_REG/aw.aw_pipe/m_payload_i_reg[52]/CE
                                                              0.086         
i_ps/system_i/system_i/axi_protocol_converter_0/inst/gen_axilite.gen_b2s_conv.axilite_b2s/WR.b_channel_0/bid_fifo_0/cnt_read_reg[1]/C
                               i_ps/system_i/system_i/axi_protocol_converter_0/inst/gen_axilite.gen_b2s_conv.axilite_b2s/SI_REG/aw.aw_pipe/m_payload_i_reg[53]/CE
                                                              0.086         
i_ps/system_i/system_i/axi_protocol_converter_0/inst/gen_axilite.gen_b2s_conv.axilite_b2s/WR.b_channel_0/bid_fifo_0/cnt_read_reg[1]/C
                               i_ps/system_i/system_i/axi_protocol_converter_0/inst/gen_axilite.gen_b2s_conv.axilite_b2s/SI_REG/aw.aw_pipe/m_payload_i_reg[54]/CE
                                                              0.086         
i_ps/system_i/system_i/axi_protocol_converter_0/inst/gen_axilite.gen_b2s_conv.axilite_b2s/WR.b_channel_0/bid_fifo_0/cnt_read_reg[1]/C
                               i_ps/system_i/system_i/axi_protocol_converter_0/inst/gen_axilite.gen_b2s_conv.axilite_b2s/SI_REG/aw.aw_pipe/m_payload_i_reg[55]/CE
                                                              0.086         
i_ps/system_i/system_i/axi_protocol_converter_0/inst/gen_axilite.gen_b2s_conv.axilite_b2s/WR.b_channel_0/bid_fifo_0/cnt_read_reg[1]/C
                               i_ps/system_i/system_i/axi_protocol_converter_0/inst/gen_axilite.gen_b2s_conv.axilite_b2s/SI_REG/aw.aw_pipe/m_payload_i_reg[56]/CE
                                                              0.090         
i_ps/system_i/system_i/axi_protocol_converter_0/inst/gen_axilite.gen_b2s_conv.axilite_b2s/WR.b_channel_0/bid_fifo_0/cnt_read_reg[1]/C
                               i_ps/system_i/system_i/axi_protocol_converter_0/inst/gen_axilite.gen_b2s_conv.axilite_b2s/SI_REG/aw.aw_pipe/m_payload_i_reg[57]/CE
                                                              0.090         
i_ps/system_i/system_i/axi_protocol_converter_0/inst/gen_axilite.gen_b2s_conv.axilite_b2s/RD.ar_channel_0/ar_cmd_fsm_0/FSM_sequential_state_reg[1]/C
                               i_ps/system_i/system_i/xadc/inst/INTR_CTRLR_GEN_I.INTERRUPT_CONTROL_I/GEN_IP_IRPT_STATUS_REG[13].GEN_REG_STATUS.ip_irpt_status_reg_reg[13]/D
                                                              0.096         
i_ps/system_i/system_i/xadc/inst/AXI_LITE_IPIF_I/I_SLAVE_ATTACHMENT/INCLUDE_DPHASE_TIMER.dpto_cnt_reg[6]/C
                               i_ps/system_i/system_i/axi_protocol_converter_0/inst/gen_axilite.gen_b2s_conv.axilite_b2s/RD.ar_channel_0/cmd_translator_0/incr_cmd_0/axlen_cnt_reg[4]/CE
                                                              0.110         
i_ps/system_i/system_i/xadc/inst/AXI_LITE_IPIF_I/I_SLAVE_ATTACHMENT/INCLUDE_DPHASE_TIMER.dpto_cnt_reg[6]/C
                               i_ps/system_i/system_i/axi_protocol_converter_0/inst/gen_axilite.gen_b2s_conv.axilite_b2s/RD.ar_channel_0/cmd_translator_0/incr_cmd_0/axlen_cnt_reg[5]/CE
                                                              0.110         
i_ps/system_i/system_i/xadc/inst/AXI_LITE_IPIF_I/I_SLAVE_ATTACHMENT/INCLUDE_DPHASE_TIMER.dpto_cnt_reg[6]/C
                               i_ps/system_i/system_i/axi_protocol_converter_0/inst/gen_axilite.gen_b2s_conv.axilite_b2s/RD.ar_channel_0/cmd_translator_0/incr_cmd_0/axlen_cnt_reg[6]/CE
                                                              0.110         
i_ps/system_i/system_i/xadc/inst/AXI_LITE_IPIF_I/I_SLAVE_ATTACHMENT/INCLUDE_DPHASE_TIMER.dpto_cnt_reg[6]/C
                               i_ps/system_i/system_i/axi_protocol_converter_0/inst/gen_axilite.gen_b2s_conv.axilite_b2s/RD.ar_channel_0/cmd_translator_0/incr_cmd_0/axlen_cnt_reg[7]/CE
                                                              0.110         
i_ps/system_i/system_i/axi_protocol_converter_0/inst/gen_axilite.gen_b2s_conv.axilite_b2s/WR.aw_channel_0/cmd_translator_0/s_axburst_eq1_reg/C
                               i_ps/system_i/system_i/axi_protocol_converter_0/inst/gen_axilite.gen_b2s_conv.axilite_b2s/WR.aw_channel_0/cmd_translator_0/incr_cmd_0/axaddr_incr_reg[2]/D
                                                              0.111         
i_ps/system_i/system_i/axi_protocol_converter_0/inst/gen_axilite.gen_b2s_conv.axilite_b2s/SI_REG/ar.ar_pipe/m_payload_i_reg[45]/C
                               i_ps/system_i/system_i/axi_protocol_converter_0/inst/gen_axilite.gen_b2s_conv.axilite_b2s/RD.ar_channel_0/cmd_translator_0/wrap_cmd_0/wrap_cnt_r_reg[3]/D
                                                              0.111         
i_ps/system_i/system_i/axi_protocol_converter_0/inst/gen_axilite.gen_b2s_conv.axilite_b2s/RD.ar_channel_0/cmd_translator_0/incr_cmd_0/axlen_cnt_reg[6]/C
                               i_ps/system_i/system_i/axi_protocol_converter_0/inst/gen_axilite.gen_b2s_conv.axilite_b2s/RD.ar_channel_0/cmd_translator_0/incr_cmd_0/next_pending_r_reg/D
                                                              0.112         
i_ps/system_i/system_i/axi_protocol_converter_0/inst/gen_axilite.gen_b2s_conv.axilite_b2s/WR.aw_channel_0/cmd_translator_0/wrap_cmd_0/sel_first_reg/C
                               i_ps/system_i/system_i/xadc/inst/AXI_XADC_CORE_I/XADC_INST/DADDR[2]
                                                              0.116         
i_ps/system_i/system_i/xadc/inst/bus2ip_reset_active_high_reg/C
                               i_ps/system_i/system_i/xadc/inst/AXI_XADC_CORE_I/do_reg_reg[3]/R
                                                              0.128         
i_ps/system_i/system_i/xadc/inst/bus2ip_reset_active_high_reg/C
                               i_ps/system_i/system_i/xadc/inst/AXI_XADC_CORE_I/do_reg_reg[4]/R
                                                              0.128         
i_ps/system_i/system_i/xadc/inst/bus2ip_reset_active_high_reg/C
                               i_ps/system_i/system_i/xadc/inst/AXI_XADC_CORE_I/do_reg_reg[7]/R
                                                              0.128         
i_ps/system_i/system_i/xadc/inst/bus2ip_reset_active_high_reg/C
                               i_ps/system_i/system_i/xadc/inst/AXI_XADC_CORE_I/do_reg_reg[9]/R
                                                              0.128         
pwm[1]/vcnt_reg[1]/C           pwm[1]/v_reg[0]/CE             0.135         
pwm[1]/vcnt_reg[1]/C           pwm[1]/v_reg[5]/CE             0.135         
pwm[1]/vcnt_reg[1]/C           pwm[1]/v_reg[6]/CE             0.135         
pwm[1]/vcnt_reg[1]/C           pwm[1]/v_reg[7]/CE             0.135         
i_ps/system_i/system_i/axi_protocol_converter_0/inst/gen_axilite.gen_b2s_conv.axilite_b2s/RD.ar_channel_0/cmd_translator_0/incr_cmd_0/axlen_cnt_reg[6]/C
                               i_ps/system_i/system_i/axi_protocol_converter_0/inst/gen_axilite.gen_b2s_conv.axilite_b2s/RD.ar_channel_0/cmd_translator_0/s_axburst_eq0_reg/D
                                                              0.137         
i_ps/system_i/system_i/axi_protocol_converter_0/inst/gen_axilite.gen_b2s_conv.axilite_b2s/RD.ar_channel_0/cmd_translator_0/incr_cmd_0/axlen_cnt_reg[6]/C
                               i_ps/system_i/system_i/axi_protocol_converter_0/inst/gen_axilite.gen_b2s_conv.axilite_b2s/RD.ar_channel_0/cmd_translator_0/s_axburst_eq1_reg/D
                                                              0.147         
i_ps/system_i/system_i/axi_protocol_converter_0/inst/gen_axilite.gen_b2s_conv.axilite_b2s/WR.b_channel_0/bid_fifo_0/cnt_read_reg[1]/C
                               i_ps/system_i/system_i/axi_protocol_converter_0/inst/gen_axilite.gen_b2s_conv.axilite_b2s/WR.b_channel_0/bresp_fifo_0/memory_reg[3][1]_srl4/CE
                                                              0.150         
i_ps/system_i/system_i/axi_protocol_converter_0/inst/gen_axilite.gen_b2s_conv.axilite_b2s/SI_REG/aw.aw_pipe/m_payload_i_reg[6]/C
                               i_ps/system_i/system_i/xadc/inst/AXI_LITE_IPIF_I/I_SLAVE_ATTACHMENT/I_DECODER/GEN_BKEND_CE_REGISTERS[17].ce_out_i_reg[17]/D
                                                              0.152         
pwm[2]/vcnt_reg[0]/C           pwm[2]/v_reg[0]/CE             0.152         
pwm[2]/vcnt_reg[0]/C           pwm[2]/v_reg[1]/CE             0.152         
pwm[2]/vcnt_reg[0]/C           pwm[2]/v_reg[2]/CE             0.152         
pwm[2]/vcnt_reg[0]/C           pwm[2]/v_reg[3]/CE             0.152         
pwm[2]/vcnt_reg[0]/C           pwm[2]/v_reg[4]/CE             0.152         
pwm[2]/vcnt_reg[0]/C           pwm[2]/v_reg[5]/CE             0.152         
pwm[2]/vcnt_reg[0]/C           pwm[2]/v_reg[6]/CE             0.152         
pwm[2]/vcnt_reg[0]/C           pwm[2]/v_reg[7]/CE             0.152         
i_ps/system_i/system_i/xadc/inst/AXI_LITE_IPIF_I/I_SLAVE_ATTACHMENT/INCLUDE_DPHASE_TIMER.dpto_cnt_reg[6]/C
                               i_ps/system_i/system_i/axi_protocol_converter_0/inst/gen_axilite.gen_b2s_conv.axilite_b2s/WR.aw_channel_0/cmd_translator_0/incr_cmd_0/axaddr_incr_reg[8]/D
                                                              0.154         
pwm_rstn_reg/C                 pwm[0]/v_reg[0]/CE             0.159         
pwm_rstn_reg/C                 pwm[0]/v_reg[1]/CE             0.159         
pwm_rstn_reg/C                 pwm[0]/v_reg[2]/CE             0.159         
pwm_rstn_reg/C                 pwm[0]/v_reg[3]/CE             0.159         
pwm_rstn_reg/C                 pwm[0]/v_reg[4]/CE             0.159         
pwm_rstn_reg/C                 pwm[0]/v_reg[5]/CE             0.159         
pwm_rstn_reg/C                 pwm[0]/v_reg[6]/CE             0.159         
pwm_rstn_reg/C                 pwm[0]/v_reg[7]/CE             0.159         
i_ps/system_i/system_i/axi_protocol_converter_0/inst/gen_axilite.gen_b2s_conv.axilite_b2s/SI_REG/aw.aw_pipe/m_payload_i_reg[3]/C
                               i_ps/system_i/system_i/xadc/inst/AXI_XADC_CORE_I/XADC_INST/DADDR[1]
                                                              0.169         
i_ps/system_i/system_i/axi_protocol_converter_0/inst/gen_axilite.gen_b2s_conv.axilite_b2s/RD.ar_channel_0/ar_cmd_fsm_0/FSM_sequential_state_reg[1]/C
                               i_ps/system_i/system_i/xadc/inst/AXI_LITE_IPIF_I/I_SLAVE_ATTACHMENT/I_DECODER/Bus_RNW_reg_reg/D
                                                              0.172         
pwm[1]/vcnt_reg[1]/C           pwm[1]/b_reg[11]/CE            0.177         
pwm[1]/vcnt_reg[1]/C           pwm[1]/b_reg[12]/CE            0.177         
pwm[1]/vcnt_reg[1]/C           pwm[1]/b_reg[13]/CE            0.177         
pwm[1]/vcnt_reg[1]/C           pwm[1]/b_reg[14]/CE            0.177         
pwm[1]/vcnt_reg[1]/C           pwm[1]/b_reg[6]/CE             0.177         
pwm_rstn_reg/C                 pwm[3]/v_reg[0]/CE             0.198         
pwm_rstn_reg/C                 pwm[3]/v_reg[1]/CE             0.198         
pwm_rstn_reg/C                 pwm[3]/v_reg[2]/CE             0.198         
pwm_rstn_reg/C                 pwm[3]/v_reg[3]/CE             0.198         
pwm[2]/vcnt_reg[0]/C           pwm[2]/bcnt_reg[0]/CE          0.205         
pwm[2]/vcnt_reg[0]/C           pwm[2]/bcnt_reg[1]/CE          0.205         
pwm[2]/vcnt_reg[0]/C           pwm[2]/bcnt_reg[2]/CE          0.205         
pwm[2]/vcnt_reg[0]/C           pwm[2]/bcnt_reg[3]/CE          0.205         
pwm[1]/vcnt_reg[1]/C           pwm[1]/v_reg[1]/CE             0.228         
pwm[1]/vcnt_reg[1]/C           pwm[1]/v_reg[2]/CE             0.228         
pwm[1]/vcnt_reg[1]/C           pwm[1]/v_reg[3]/CE             0.228         
pwm[1]/vcnt_reg[1]/C           pwm[1]/v_reg[4]/CE             0.228         
pwm_rstn_reg/C                 pwm[1]/bcnt_reg[0]/R           0.273         
pwm_rstn_reg/C                 pwm[1]/bcnt_reg[1]/R           0.273         
pwm_rstn_reg/C                 pwm[1]/bcnt_reg[2]/R           0.273         
pwm_rstn_reg/C                 pwm[1]/bcnt_reg[3]/R           0.273         
pwm[0]/vcnt_reg[4]/C           pwm[0]/bcnt_reg[0]/CE          0.275         
pwm[0]/vcnt_reg[4]/C           pwm[0]/bcnt_reg[1]/CE          0.275         
pwm[0]/vcnt_reg[4]/C           pwm[0]/bcnt_reg[2]/CE          0.275         
pwm[0]/vcnt_reg[4]/C           pwm[0]/bcnt_reg[3]/CE          0.275         
pwm_rstn_reg/C                 pwm[0]/b_reg[10]/CE            0.306         
pwm_rstn_reg/C                 pwm[0]/b_reg[7]/CE             0.306         
pwm_rstn_reg/C                 pwm[0]/b_reg[8]/CE             0.306         
pwm_rstn_reg/C                 pwm[0]/b_reg[9]/CE             0.306         
pwm[2]/vcnt_reg[7]/C           pwm[2]/vcnt_r_reg[7]/D         0.313         
i_ams/dac_a_o_reg[17]/C        pwm[0]/v_reg[1]/D              0.338         
pwm[2]/v_reg[0]/C              pwm[2]/v_r_reg[5]/D            0.340         
pwm[3]/vcnt_reg[4]/C           pwm[3]/b_reg[1]/CE             0.345         
pwm[3]/vcnt_reg[4]/C           pwm[3]/b_reg[2]/CE             0.345         
pwm[3]/vcnt_reg[4]/C           pwm[3]/b_reg[3]/CE             0.345         
pwm[3]/vcnt_reg[4]/C           pwm[3]/b_reg[4]/CE             0.345         
pwm[2]/v_reg[0]/C              pwm[2]/v_r_reg[7]/D            0.346         
pwm[2]/v_reg[0]/C              pwm[2]/v_r_reg[6]/D            0.355         
pwm[2]/v_reg[0]/C              pwm[2]/v_r_reg[8]/D            0.364         
pwm[3]/vcnt_reg[4]/C           pwm[3]/b_reg[0]/CE             0.365         
pwm[3]/vcnt_reg[4]/C           pwm[3]/b_reg[11]/CE            0.365         
pwm[3]/vcnt_reg[4]/C           pwm[3]/b_reg[5]/CE             0.365         
pwm[3]/vcnt_reg[4]/C           pwm[3]/b_reg[6]/CE             0.365         
i_ams/dac_c_o_reg[11]/C        pwm[2]/b_reg[11]/D             0.365         
pwm[3]/vcnt_reg[4]/C           pwm[3]/b_reg[10]/CE            0.384         
pwm[3]/vcnt_reg[4]/C           pwm[3]/b_reg[13]/CE            0.384         
pwm[3]/vcnt_reg[4]/C           pwm[3]/b_reg[14]/CE            0.384         
pwm[3]/vcnt_reg[4]/C           pwm[3]/bcnt_reg[0]/CE          0.416         
pwm[3]/vcnt_reg[4]/C           pwm[3]/bcnt_reg[1]/CE          0.416         
pwm[3]/vcnt_reg[4]/C           pwm[3]/bcnt_reg[2]/CE          0.416         
pwm[3]/vcnt_reg[4]/C           pwm[3]/bcnt_reg[3]/CE          0.416         
pwm_rstn_reg/C                 pwm[2]/bcnt_reg[0]/R           0.432         
pwm_rstn_reg/C                 pwm[2]/bcnt_reg[1]/R           0.432         
pwm_rstn_reg/C                 pwm[2]/bcnt_reg[2]/R           0.432         
pwm_rstn_reg/C                 pwm[2]/bcnt_reg[3]/R           0.432         
pwm_rstn_reg/C                 pwm[0]/bcnt_reg[0]/R           0.450         
pwm_rstn_reg/C                 pwm[0]/bcnt_reg[1]/R           0.450         
dac_rst_reg/C                  oddr_dac_dat[0]/R              0.530         
dac_rst_reg/C                  oddr_dac_dat[3]/R              0.565         
dac_rst_reg/C                  oddr_dac_dat[2]/R              0.577         
dac_rst_reg/C                  oddr_dac_dat[13]/R             0.614         
dac_rst_reg/C                  oddr_dac_dat[1]/R              0.668         
dac_rst_reg/C                  oddr_dac_dat[4]/R              0.700         
dac_rst_reg/C                  oddr_dac_dat[12]/R             0.753         
dac_rst_reg/C                  oddr_dac_dat[6]/R              0.811         
dac_rst_reg/C                  oddr_dac_dat[5]/R              0.848         
dac_dat_a_reg[4]/C             oddr_dac_dat[4]/D2             0.868         
dac_rst_reg/C                  oddr_dac_dat[10]/R             0.873         
dac_rst_reg/C                  oddr_dac_dat[7]/R              0.950         
dac_rst_reg/C                  oddr_dac_dat[11]/R             1.012         
dac_rst_reg/C                  oddr_dac_dat[8]/R              1.099         
dac_rst_reg/C                  oddr_dac_dat[9]/R              1.247         
dac_dat_a_reg[9]/C             oddr_dac_dat[9]/D2             1.308         
dac_dat_a_reg[11]/C            oddr_dac_dat[11]/D2            1.373         
dac_dat_a_reg[8]/C             oddr_dac_dat[8]/D2             1.378         
dac_dat_a_reg[6]/C             oddr_dac_dat[6]/D2             1.385         
dac_dat_a_reg[10]/C            oddr_dac_dat[10]/D2            1.388         
dac_rst_reg/C                  oddr_dac_sel/R                 1.461         
dac_rst_reg/C                  oddr_dac_rst/D2                1.470         
dac_dat_a_reg[7]/C             oddr_dac_dat[7]/D2             1.573         
dac_dat_a_reg[2]/C             oddr_dac_dat[2]/D2             1.634         
dac_dat_a_reg[5]/C             oddr_dac_dat[5]/D2             1.784         
dac_dat_a_reg[12]/C            oddr_dac_dat[12]/D2            1.795         
dac_dat_a_reg[3]/C             oddr_dac_dat[3]/D2             1.860         
dac_dat_a_reg[1]/C             oddr_dac_dat[1]/D2             2.046         
dac_dat_a_reg[13]/C            oddr_dac_dat[13]/D2            2.047         
dac_dat_a_reg[0]/C             oddr_dac_dat[0]/D2             2.048         
i_dsp/sum1_reg[15]/C           dac_dat_a_reg[12]/D            2.069         
i_dsp/sum2_reg[16]/C           dac_dat_b_reg[6]/D             2.173         
i_dsp/sum2_reg[13]/C           dac_dat_b_reg[9]/D             2.246         
i_dsp/sum1_reg[13]/C           dac_dat_a_reg[3]/D             2.448         
i_dsp/sum2_reg[13]/C           dac_dat_b_reg[10]/D            2.461         
i_dsp/sum1_reg[16]/C           dac_dat_a_reg[7]/D             2.514         
i_dsp/sum2_reg[16]/C           dac_dat_b_reg[8]/D             2.624         
i_dsp/sum2_reg[14]/C           dac_dat_b_reg[1]/D             2.635         
i_dsp/sum2_reg[14]/C           dac_dat_b_reg[12]/D            2.741         
i_dsp/sum2_reg[17]/C           dac_dat_b_reg[11]/D            2.849         
i_dsp/sum2_reg[17]/C           dac_dat_b_reg[5]/D             2.904         
i_dsp/sum1_reg[17]/C           dac_dat_a_reg[8]/D             2.927         
i_dsp/sum1_reg[16]/C           dac_dat_a_reg[6]/D             2.949         
i_dsp/sum1_reg[10]/C           dac_dat_a_reg[10]/D            2.974         
i_dsp/sum1_reg[13]/C           dac_dat_a_reg[5]/D             3.049         
i_dsp/sum1_reg[16]/C           dac_dat_a_reg[4]/D             3.134         
i_dsp/sum1_reg[14]/C           dac_dat_a_reg[11]/D            3.137         
i_dsp/sum1_reg[16]/C           dac_dat_a_reg[0]/D             3.157         
i_dsp/sum1_reg[14]/C           dac_dat_a_reg[1]/D             3.195         
i_dsp/sum2_reg[13]/C           dac_dat_b_reg[0]/D             3.230         
i_dsp/sum1_reg[2]/C            dac_dat_a_reg[2]/D             3.369         
i_dsp/sum1_reg[14]/C           dac_dat_a_reg[9]/D             3.380         
i_dsp/sum2_reg[13]/C           dac_dat_b_reg[7]/D             3.474         
i_dsp/sum2_reg[13]/C           dac_dat_b_reg[2]/D             3.561         
i_dsp/sum2_reg[17]/C           dac_dat_b_reg[13]/D            3.751         
i_dsp/sum2_reg[13]/C           dac_dat_b_reg[3]/D             3.763         
i_dsp/sum2_reg[14]/C           dac_dat_b_reg[4]/D             3.887         
i_dsp/sum1_reg[17]/C           dac_dat_a_reg[13]/D            3.954         
dac_dat_b_reg[4]/C             oddr_dac_dat[4]/D1             5.099         
dac_dat_b_reg[3]/C             oddr_dac_dat[3]/D1             5.104         
dac_dat_b_reg[10]/C            oddr_dac_dat[10]/D1            5.251         
dac_dat_b_reg[7]/C             oddr_dac_dat[7]/D1             5.447         
dac_rst_reg/C                  oddr_dac_rst/D1                5.463         
dac_dat_b_reg[2]/C             oddr_dac_dat[2]/D1             5.490         
dac_dat_b_reg[5]/C             oddr_dac_dat[5]/D1             5.560         
dac_dat_b_reg[1]/C             oddr_dac_dat[1]/D1             5.860         
dac_dat_b_reg[9]/C             oddr_dac_dat[9]/D1             5.913         
dac_dat_b_reg[0]/C             oddr_dac_dat[0]/D1             5.943         
dac_dat_b_reg[13]/C            oddr_dac_dat[13]/D1            6.044         
dac_dat_b_reg[8]/C             oddr_dac_dat[8]/D1             6.048         
dac_dat_b_reg[6]/C             oddr_dac_dat[6]/D1             6.048         
dac_dat_b_reg[11]/C            oddr_dac_dat[11]/D1            6.054         
dac_dat_b_reg[12]/C            oddr_dac_dat[12]/D1            6.189         



