Copyright 1986-2022 Xilinx, Inc. All Rights Reserved. Copyright 2022-2024 Advanced Micro Devices, Inc. All Rights Reserved.
---------------------------------------------------------------------------------------------------------------------------------------------
| Tool Version : Vivado v.2024.2 (win64) Build 5239630 Fri Nov 08 22:35:27 MST 2024
| Date         : Tue Oct 14 14:41:19 2025
| Host         : PC-Michael running 64-bit major release  (build 9200)
| Command      : report_timing_summary -file out/post_synth_timing_summary.rpt
| Design       : red_pitaya_top
| Device       : 7z010-clg400
| Speed File   : -1  PRODUCTION 1.12 2019-11-22
| Design State : Synthesized
---------------------------------------------------------------------------------------------------------------------------------------------

Timing Summary Report

------------------------------------------------------------------------------------------------
| Timer Settings
| --------------
------------------------------------------------------------------------------------------------

  Enable Multi Corner Analysis               :  Yes
  Enable Pessimism Removal                   :  Yes
  Pessimism Removal Resolution               :  Nearest Common Node
  Enable Input Delay Default Clock           :  No
  Enable Preset / Clear Arcs                 :  No
  Disable Flight Delays                      :  No
  Ignore I/O Paths                           :  No
  Timing Early Launch at Borrowing Latches   :  No
  Borrow Time for Max Delay Exceptions       :  Yes
  Merge Timing Exceptions                    :  Yes
  Inter-SLR Compensation                     :  Conservative

  Corner  Analyze    Analyze    
  Name    Max Paths  Min Paths  
  ------  ---------  ---------  
  Slow    Yes        Yes        
  Fast    Yes        Yes        


------------------------------------------------------------------------------------------------
| Report Methodology
| ------------------
------------------------------------------------------------------------------------------------

No report available as report_methodology has not been run prior. Run report_methodology on the current design for the summary of methodology violations.



check_timing report

Table of Contents
-----------------
1. checking no_clock (1)
2. checking constant_clock (0)
3. checking pulse_width_clock (0)
4. checking unconstrained_internal_endpoints (2)
5. checking no_input_delay (16)
6. checking no_output_delay (46)
7. checking multiple_clock (0)
8. checking generated_clocks (0)
9. checking loops (0)
10. checking partial_input_delay (0)
11. checking partial_output_delay (0)
12. checking latch_loops (0)

1. checking no_clock (1)
------------------------
 There is 1 register/latch pin with no clock driven by root clock pin: i_hk/dna_clk_reg/Q (HIGH)


2. checking constant_clock (0)
------------------------------
 There are 0 register/latch pins with constant_clock.


3. checking pulse_width_clock (0)
---------------------------------
 There are 0 register/latch pins which need pulse_width check


4. checking unconstrained_internal_endpoints (2)
------------------------------------------------
 There are 2 pins that are not constrained for maximum delay. (HIGH)

 There are 0 pins that are not constrained for maximum delay due to constant clock.


5. checking no_input_delay (16)
-------------------------------
 There are 16 input ports with no input delay specified. (HIGH)

 There are 0 input ports with no input delay but user has a false path constraint.


6. checking no_output_delay (46)
--------------------------------
 There are 46 ports with no output delay specified. (HIGH)

 There are 0 ports with no output delay but user has a false path constraint

 There are 0 ports with no output delay but with a timing clock defined on it or propagating through it


7. checking multiple_clock (0)
------------------------------
 There are 0 register/latch pins with multiple clocks.


8. checking generated_clocks (0)
--------------------------------
 There are 0 generated clocks that are not connected to a clock source.


9. checking loops (0)
---------------------
 There are 0 combinational loops in the design.


10. checking partial_input_delay (0)
------------------------------------
 There are 0 input ports with partial input delay specified.


11. checking partial_output_delay (0)
-------------------------------------
 There are 0 ports with partial output delay specified.


12. checking latch_loops (0)
----------------------------
 There are 0 combinational latch loops in the design through latch input



------------------------------------------------------------------------------------------------
| Design Timing Summary
| ---------------------
------------------------------------------------------------------------------------------------

    WNS(ns)      TNS(ns)  TNS Failing Endpoints  TNS Total Endpoints      WHS(ns)      THS(ns)  THS Failing Endpoints  THS Total Endpoints     WPWS(ns)     TPWS(ns)  TPWS Failing Endpoints  TPWS Total Endpoints  
    -------      -------  ---------------------  -------------------      -------      -------  ---------------------  -------------------     --------     --------  ----------------------  --------------------  
     -4.203     -524.434                    339                26059       -0.089       -7.140                    107                26059        1.000        0.000                       0                 10749  


Timing constraints are not met.


------------------------------------------------------------------------------------------------
| Clock Summary
| -------------
------------------------------------------------------------------------------------------------

Clock             Waveform(ns)         Period(ns)      Frequency(MHz)
-----             ------------         ----------      --------------
adc_clk           {0.000 4.000}        8.000           125.000         
  clk_fb          {0.000 4.000}        8.000           125.000         
  pll_adc_clk     {0.000 4.000}        8.000           125.000         
  pll_dac_clk_1x  {0.000 4.000}        8.000           125.000         
  pll_dac_clk_2p  {-0.500 1.500}       4.000           250.000         
  pll_dac_clk_2x  {0.000 2.000}        4.000           250.000         
  pll_pwm_clk     {0.000 2.000}        4.000           250.000         
  pll_ser_clk     {0.000 2.000}        4.000           250.000         
clk_fpga_0        {0.000 4.000}        8.000           125.000         
clk_fpga_1        {0.000 2.000}        4.000           250.000         
clk_fpga_2        {0.000 10.000}       20.000          50.000          
clk_fpga_3        {0.000 2.500}        5.000           200.000         
rx_clk            {0.000 2.000}        4.000           250.000         


------------------------------------------------------------------------------------------------
| Intra Clock Table
| -----------------
------------------------------------------------------------------------------------------------

Clock                 WNS(ns)      TNS(ns)  TNS Failing Endpoints  TNS Total Endpoints      WHS(ns)      THS(ns)  THS Failing Endpoints  THS Total Endpoints     WPWS(ns)     TPWS(ns)  TPWS Failing Endpoints  TPWS Total Endpoints  
-----                 -------      -------  ---------------------  -------------------      -------      -------  ---------------------  -------------------     --------     --------  ----------------------  --------------------  
adc_clk                                                                                                                                                             2.000        0.000                       0                     1  
  clk_fb                                                                                                                                                            6.751        0.000                       0                     2  
  pll_adc_clk          -4.203     -521.630                    327                23969        0.067        0.000                      0                23969        3.500        0.000                       0                  9716  
  pll_dac_clk_1x        1.626        0.000                      0                   45       -0.089       -1.334                     15                   45        3.500        0.000                       0                    47  
  pll_dac_clk_2p                                                                                                                                                    1.845        0.000                       0                     3  
  pll_dac_clk_2x                                                                                                                                                    1.845        0.000                       0                     3  
  pll_pwm_clk          -0.363       -1.454                      4                  412        0.126        0.000                      0                  412        1.500        0.000                       0                   217  
  pll_ser_clk                                                                                                                                                       1.845        0.000                       0                     2  
clk_fpga_0                                                                                                                                                          5.845        0.000                       0                     2  
clk_fpga_1                                                                                                                                                          1.845        0.000                       0                     2  
clk_fpga_2                                                                                                                                                         17.845        0.000                       0                     2  
clk_fpga_3             -0.169       -1.351                      8                 1545        0.045        0.000                      0                 1545        1.000        0.000                       0                   752  


------------------------------------------------------------------------------------------------
| Inter Clock Table
| -----------------
------------------------------------------------------------------------------------------------

From Clock      To Clock            WNS(ns)      TNS(ns)  TNS Failing Endpoints  TNS Total Endpoints      WHS(ns)      THS(ns)  THS Failing Endpoints  THS Total Endpoints  
----------      --------            -------      -------  ---------------------  -------------------      -------      -------  ---------------------  -------------------  
adc_clk         pll_adc_clk           4.849        0.000                      0                   28        1.266        0.000                      0                   28  
pll_adc_clk     pll_dac_clk_1x        5.303        0.000                      0                   28       -0.027       -0.054                      2                   28  
pll_adc_clk     pll_pwm_clk           2.077        0.000                      0                   94       -0.071       -5.752                     90                   94  


------------------------------------------------------------------------------------------------
| Other Path Groups Table
| -----------------------
------------------------------------------------------------------------------------------------

Path Group    From Clock    To Clock          WNS(ns)      TNS(ns)  TNS Failing Endpoints  TNS Total Endpoints      WHS(ns)      THS(ns)  THS Failing Endpoints  THS Total Endpoints  
----------    ----------    --------          -------      -------  ---------------------  -------------------      -------      -------  ---------------------  -------------------  


------------------------------------------------------------------------------------------------
| Timing Details
| --------------
------------------------------------------------------------------------------------------------


---------------------------------------------------------------------------------------------------
From Clock:  adc_clk
  To Clock:  adc_clk

Setup :           NA  Failing Endpoints,  Worst Slack           NA  ,  Total Violation           NA
Hold  :           NA  Failing Endpoints,  Worst Slack           NA  ,  Total Violation           NA
PW    :            0  Failing Endpoints,  Worst Slack        2.000ns,  Total Violation        0.000ns
---------------------------------------------------------------------------------------------------


Pulse Width Checks
--------------------------------------------------------------------------------------
Clock Name:         adc_clk
Waveform(ns):       { 0.000 4.000 }
Period(ns):         8.000
Sources:            { adc_clk_p_i }

Check Type        Corner  Lib Pin           Reference Pin  Required(ns)  Actual(ns)  Slack(ns)  Location  Pin
Min Period        n/a     PLLE2_ADV/CLKIN1  n/a            1.249         8.000       6.751                pll/pll/CLKIN1
Max Period        n/a     PLLE2_ADV/CLKIN1  n/a            52.633        8.000       44.633               pll/pll/CLKIN1
Low Pulse Width   Slow    PLLE2_ADV/CLKIN1  n/a            2.000         4.000       2.000                pll/pll/CLKIN1
High Pulse Width  Slow    PLLE2_ADV/CLKIN1  n/a            2.000         4.000       2.000                pll/pll/CLKIN1



---------------------------------------------------------------------------------------------------
From Clock:  clk_fb
  To Clock:  clk_fb

Setup :           NA  Failing Endpoints,  Worst Slack           NA  ,  Total Violation           NA
Hold  :           NA  Failing Endpoints,  Worst Slack           NA  ,  Total Violation           NA
PW    :            0  Failing Endpoints,  Worst Slack        6.751ns,  Total Violation        0.000ns
---------------------------------------------------------------------------------------------------


Pulse Width Checks
--------------------------------------------------------------------------------------
Clock Name:         clk_fb
Waveform(ns):       { 0.000 4.000 }
Period(ns):         8.000
Sources:            { pll/pll/CLKFBOUT }

Check Type  Corner  Lib Pin             Reference Pin  Required(ns)  Actual(ns)  Slack(ns)  Location  Pin
Min Period  n/a     PLLE2_ADV/CLKFBOUT  n/a            1.249         8.000       6.751                pll/pll/CLKFBOUT
Max Period  n/a     PLLE2_ADV/CLKFBIN   n/a            52.633        8.000       44.633               pll/pll/CLKFBIN



---------------------------------------------------------------------------------------------------
From Clock:  pll_adc_clk
  To Clock:  pll_adc_clk

Setup :          327  Failing Endpoints,  Worst Slack       -4.203ns,  Total Violation     -521.629ns
Hold  :            0  Failing Endpoints,  Worst Slack        0.067ns,  Total Violation        0.000ns
PW    :            0  Failing Endpoints,  Worst Slack        3.500ns,  Total Violation        0.000ns
---------------------------------------------------------------------------------------------------


Max Delay Paths
--------------------------------------------------------------------------------------
Slack (VIOLATED) :        -4.203ns  (required time - arrival time)
  Source:                 i_dsp/genblk4[7].iq_2_outputs/iqfilter[1]/genblk2[0].lpf/y_reg[46]/C
                            (rising edge-triggered cell FDRE clocked by pll_adc_clk  {rise@0.000ns fall@4.000ns period=8.000ns})
  Destination:            i_dsp/genblk4[7].iq_2_outputs/modulator/secondproduct1/D[0]
                            (rising edge-triggered cell DSP48E1 clocked by pll_adc_clk  {rise@0.000ns fall@4.000ns period=8.000ns})
  Path Group:             pll_adc_clk
  Path Type:              Setup (Max at Slow Process Corner)
  Requirement:            8.000ns  (pll_adc_clk rise@8.000ns - pll_adc_clk rise@0.000ns)
  Data Path Delay:        10.363ns  (logic 5.234ns (50.506%)  route 5.129ns (49.494%))
  Logic Levels:           7  (DSP48E1=1 LUT5=4 LUT6=2)
  Clock Path Skew:        -0.145ns (DCD - SCD + CPR)
    Destination Clock Delay (DCD):    2.969ns = ( 10.969 - 8.000 ) 
    Source Clock Delay      (SCD):    3.357ns
    Clock Pessimism Removal (CPR):    0.243ns
  Clock Uncertainty:      0.069ns  ((TSJ^2 + DJ^2)^1/2) / 2 + PE
    Total System Jitter     (TSJ):    0.071ns
    Discrete Jitter          (DJ):    0.118ns
    Phase Error              (PE):    0.000ns

    Location             Delay type                Incr(ns)  Path(ns)    Netlist Resource(s)
  -------------------------------------------------------------------    -------------------
                         (clock pll_adc_clk rise edge)
                                                      0.000     0.000 r  
    U18                                               0.000     0.000 r  adc_clk_p_i (IN)
                         net (fo=0)                   0.000     0.000    adc_clk_p_i
    U18                  IBUFDS (Prop_ibufds_I_O)     0.983     0.983 r  i_clk/O
                         net (fo=1, unplaced)         0.584     1.567    pll/clk
                         PLLE2_ADV (Prop_plle2_adv_CLKIN1_CLKOUT0)
                                                      0.089     1.656 r  pll/pll/CLKOUT0
                         net (fo=1, unplaced)         0.800     2.456    pll_adc_clk
                         BUFG (Prop_bufg_I_O)         0.101     2.557 r  bufg_adc_clk/O
                         net (fo=9723, unplaced)      0.800     3.357    i_dsp/genblk4[7].iq_2_outputs/iqfilter[1]/genblk2[0].lpf/clk_i
                         FDRE                                         r  i_dsp/genblk4[7].iq_2_outputs/iqfilter[1]/genblk2[0].lpf/y_reg[46]/C
  -------------------------------------------------------------------    -------------------
                         FDRE (Prop_fdre_C_Q)         0.478     3.835 r  i_dsp/genblk4[7].iq_2_outputs/iqfilter[1]/genblk2[0].lpf/y_reg[46]/Q
                         net (fo=4, unplaced)         0.830     4.665    i_dsp/genblk4[7].iq_2_outputs/iqfilter[1]/genblk2[0].lpf/y_out[22]
                         LUT5 (Prop_lut5_I0_O)        0.295     4.960 r  i_dsp/genblk4[7].iq_2_outputs/iqfilter[1]/genblk2[0].lpf/signal_o[22]_INST_0/O
                         net (fo=3, unplaced)         0.467     5.427    i_dsp/genblk4[7].iq_2_outputs/iqfilter[1]/genblk2[1].lpf/signal_i[22]
                         LUT5 (Prop_lut5_I1_O)        0.124     5.551 r  i_dsp/genblk4[7].iq_2_outputs/iqfilter[1]/genblk2[1].lpf/signal_o[22]_INST_0/O
                         net (fo=3, unplaced)         0.467     6.018    i_dsp/genblk4[7].iq_2_outputs/iqfilter[1]/genblk2[2].lpf/signal_i[22]
                         LUT5 (Prop_lut5_I1_O)        0.124     6.142 r  i_dsp/genblk4[7].iq_2_outputs/iqfilter[1]/genblk2[2].lpf/signal_o[22]_INST_0/O
                         net (fo=3, unplaced)         0.467     6.609    i_dsp/genblk4[7].iq_2_outputs/iqfilter[1]/genblk2[3].lpf/signal_i[22]
                         LUT5 (Prop_lut5_I1_O)        0.124     6.733 r  i_dsp/genblk4[7].iq_2_outputs/iqfilter[1]/genblk2[3].lpf/signal_o[22]_INST_0/O
                         net (fo=4, unplaced)         0.800     7.532    i_dsp/genblk4[7].iq_2_outputs/modulator/firstproduct_saturation[0]/factor1_i[22]
                         DSP48E1 (Prop_dsp48e1_A[22]_P[38])
                                                      3.841    11.373 r  i_dsp/genblk4[7].iq_2_outputs/modulator/firstproduct_saturation[0]/product/P[38]
                         net (fo=2, unplaced)         0.800    12.173    i_dsp/genblk4[7].iq_2_outputs/modulator/firstproduct_saturation[0]/p_0_in[5]
                         LUT6 (Prop_lut6_I5_O)        0.124    12.297 r  i_dsp/genblk4[7].iq_2_outputs/modulator/firstproduct_saturation[0]/product_o[12]_INST_0_i_2/O
                         net (fo=13, unplaced)        0.499    12.796    i_dsp/genblk4[7].iq_2_outputs/modulator/firstproduct_saturation[0]/product_o[12]_INST_0_i_2_n_0
                         LUT6 (Prop_lut6_I3_O)        0.124    12.920 r  i_dsp/genblk4[7].iq_2_outputs/modulator/firstproduct_saturation[0]/product_o[0]_INST_0/O
                         net (fo=1, unplaced)         0.800    13.720    i_dsp/genblk4[7].iq_2_outputs/modulator/firstproduct1[0]
                         DSP48E1                                      r  i_dsp/genblk4[7].iq_2_outputs/modulator/secondproduct1/D[0]
  -------------------------------------------------------------------    -------------------

                         (clock pll_adc_clk rise edge)
                                                      8.000     8.000 r  
    U18                                               0.000     8.000 r  adc_clk_p_i (IN)
                         net (fo=0)                   0.000     8.000    adc_clk_p_i
    U18                  IBUFDS (Prop_ibufds_I_O)     0.940     8.940 r  i_clk/O
                         net (fo=1, unplaced)         0.439     9.379    pll/clk
                         PLLE2_ADV (Prop_plle2_adv_CLKIN1_CLKOUT0)
                                                      0.084     9.463 r  pll/pll/CLKOUT0
                         net (fo=1, unplaced)         0.760    10.223    pll_adc_clk
                         BUFG (Prop_bufg_I_O)         0.091    10.314 r  bufg_adc_clk/O
                         net (fo=9723, unplaced)      0.655    10.969    i_dsp/genblk4[7].iq_2_outputs/modulator/clk_i
                         DSP48E1                                      r  i_dsp/genblk4[7].iq_2_outputs/modulator/secondproduct1/CLK
                         clock pessimism              0.243    11.212    
                         clock uncertainty           -0.069    11.143    
                         DSP48E1 (Setup_dsp48e1_CLK_D[0])
                                                     -1.626     9.517    i_dsp/genblk4[7].iq_2_outputs/modulator/secondproduct1
  -------------------------------------------------------------------
                         required time                          9.517    
                         arrival time                         -13.720    
  -------------------------------------------------------------------
                         slack                                 -4.203    





Min Delay Paths
--------------------------------------------------------------------------------------
Slack (MET) :             0.067ns  (arrival time - required time)
  Source:                 i_dsp/genblk2[0].i_pid/pidfilter/genblk2[0].lpf/y_reg[10]/C
                            (rising edge-triggered cell FDRE clocked by pll_adc_clk  {rise@0.000ns fall@4.000ns period=8.000ns})
  Destination:            i_dsp/genblk2[0].i_pid/pidfilter/genblk2[0].lpf/y_reg[11]/D
                            (rising edge-triggered cell FDRE clocked by pll_adc_clk  {rise@0.000ns fall@4.000ns period=8.000ns})
  Path Group:             pll_adc_clk
  Path Type:              Hold (Min at Fast Process Corner)
  Requirement:            0.000ns  (pll_adc_clk rise@0.000ns - pll_adc_clk rise@0.000ns)
  Data Path Delay:        0.325ns  (logic 0.239ns (73.636%)  route 0.086ns (26.364%))
  Logic Levels:           1  (CARRY4=1)
  Clock Path Skew:        0.145ns (DCD - SCD - CPR)
    Destination Clock Delay (DCD):    1.485ns
    Source Clock Delay      (SCD):    1.139ns
    Clock Pessimism Removal (CPR):    0.200ns

    Location             Delay type                Incr(ns)  Path(ns)    Netlist Resource(s)
  -------------------------------------------------------------------    -------------------
                         (clock pll_adc_clk rise edge)
                                                      0.000     0.000 r  
    U18                                               0.000     0.000 r  adc_clk_p_i (IN)
                         net (fo=0)                   0.000     0.000    adc_clk_p_i
    U18                  IBUFDS (Prop_ibufds_I_O)     0.401     0.401 r  i_clk/O
                         net (fo=1, unplaced)         0.114     0.515    pll/clk
                         PLLE2_ADV (Prop_plle2_adv_CLKIN1_CLKOUT0)
                                                      0.051     0.566 r  pll/pll/CLKOUT0
                         net (fo=1, unplaced)         0.337     0.904    pll_adc_clk
                         BUFG (Prop_bufg_I_O)         0.026     0.930 r  bufg_adc_clk/O
                         net (fo=9723, unplaced)      0.210     1.139    i_dsp/genblk2[0].i_pid/pidfilter/genblk2[0].lpf/clk_i
                         FDRE                                         r  i_dsp/genblk2[0].i_pid/pidfilter/genblk2[0].lpf/y_reg[10]/C
  -------------------------------------------------------------------    -------------------
                         FDRE (Prop_fdre_C_Q)         0.147     1.286 r  i_dsp/genblk2[0].i_pid/pidfilter/genblk2[0].lpf/y_reg[10]/Q
                         net (fo=2, unplaced)         0.086     1.372    i_dsp/genblk2[0].i_pid/pidfilter/genblk2[0].lpf/y_reg_n_0_[10]
                         CARRY4 (Prop_carry4_DI[2]_O[3])
                                                      0.092     1.464 r  i_dsp/genblk2[0].i_pid/pidfilter/genblk2[0].lpf/y_reg[8]_i_1/O[3]
                         net (fo=1, unplaced)         0.000     1.464    i_dsp/genblk2[0].i_pid/pidfilter/genblk2[0].lpf/y_reg[8]_i_1_n_4
                         FDRE                                         r  i_dsp/genblk2[0].i_pid/pidfilter/genblk2[0].lpf/y_reg[11]/D
  -------------------------------------------------------------------    -------------------

                         (clock pll_adc_clk rise edge)
                                                      0.000     0.000 r  
    U18                                               0.000     0.000 r  adc_clk_p_i (IN)
                         net (fo=0)                   0.000     0.000    adc_clk_p_i
    U18                  IBUFDS (Prop_ibufds_I_O)     0.433     0.433 r  i_clk/O
                         net (fo=1, unplaced)         0.259     0.692    pll/clk
                         PLLE2_ADV (Prop_plle2_adv_CLKIN1_CLKOUT0)
                                                      0.054     0.746 r  pll/pll/CLKOUT0
                         net (fo=1, unplaced)         0.355     1.101    pll_adc_clk
                         BUFG (Prop_bufg_I_O)         0.029     1.130 r  bufg_adc_clk/O
                         net (fo=9723, unplaced)      0.355     1.485    i_dsp/genblk2[0].i_pid/pidfilter/genblk2[0].lpf/clk_i
                         FDRE                                         r  i_dsp/genblk2[0].i_pid/pidfilter/genblk2[0].lpf/y_reg[11]/C
                         clock pessimism             -0.200     1.284    
                         FDRE (Hold_fdre_C_D)         0.113     1.397    i_dsp/genblk2[0].i_pid/pidfilter/genblk2[0].lpf/y_reg[11]
  -------------------------------------------------------------------
                         required time                         -1.397    
                         arrival time                           1.464    
  -------------------------------------------------------------------
                         slack                                  0.067    





Pulse Width Checks
--------------------------------------------------------------------------------------
Clock Name:         pll_adc_clk
Waveform(ns):       { 0.000 4.000 }
Period(ns):         8.000
Sources:            { pll/pll/CLKOUT0 }

Check Type        Corner  Lib Pin            Reference Pin  Required(ns)  Actual(ns)  Slack(ns)  Location  Pin
Min Period        n/a     DSP48E1/CLK        n/a            3.884         8.000       4.116                i_dsp/genblk2[0].i_pid/ki_mult_reg/CLK
Max Period        n/a     PLLE2_ADV/CLKOUT0  n/a            160.000       8.000       152.000              pll/pll/CLKOUT0
Low Pulse Width   Slow    FDRE/C             n/a            0.500         4.000       3.500                adc_rstn_reg/C
High Pulse Width  Slow    FDRE/C             n/a            0.500         4.000       3.500                adc_rstn_reg/C



---------------------------------------------------------------------------------------------------
From Clock:  pll_dac_clk_1x
  To Clock:  pll_dac_clk_1x

Setup :            0  Failing Endpoints,  Worst Slack        1.626ns,  Total Violation        0.000ns
Hold  :           15  Failing Endpoints,  Worst Slack       -0.089ns,  Total Violation       -1.334ns
PW    :            0  Failing Endpoints,  Worst Slack        3.500ns,  Total Violation        0.000ns
---------------------------------------------------------------------------------------------------


Max Delay Paths
--------------------------------------------------------------------------------------
Slack (MET) :             1.626ns  (required time - arrival time)
  Source:                 dac_dat_a_reg[0]/C
                            (rising edge-triggered cell FDRE clocked by pll_dac_clk_1x  {rise@0.000ns fall@4.000ns period=8.000ns})
  Destination:            oddr_dac_dat[0]/D2
                            (falling edge-triggered cell ODDR clocked by pll_dac_clk_1x  {rise@0.000ns fall@4.000ns period=8.000ns})
  Path Group:             pll_dac_clk_1x
  Path Type:              Setup (Max at Slow Process Corner)
  Requirement:            4.000ns  (pll_dac_clk_1x fall@4.000ns - pll_dac_clk_1x rise@0.000ns)
  Data Path Delay:        1.256ns  (logic 0.456ns (36.314%)  route 0.800ns (63.686%))
  Logic Levels:           0  
  Clock Path Skew:        -0.040ns (DCD - SCD + CPR)
    Destination Clock Delay (DCD):    3.074ns = ( 7.074 - 4.000 ) 
    Source Clock Delay      (SCD):    3.357ns
    Clock Pessimism Removal (CPR):    0.243ns
  Clock Uncertainty:      0.069ns  ((TSJ^2 + DJ^2)^1/2) / 2 + PE
    Total System Jitter     (TSJ):    0.071ns
    Discrete Jitter          (DJ):    0.118ns
    Phase Error              (PE):    0.000ns

    Location             Delay type                Incr(ns)  Path(ns)    Netlist Resource(s)
  -------------------------------------------------------------------    -------------------
                         (clock pll_dac_clk_1x rise edge)
                                                      0.000     0.000 r  
    U18                                               0.000     0.000 r  adc_clk_p_i (IN)
                         net (fo=0)                   0.000     0.000    adc_clk_p_i
    U18                  IBUFDS (Prop_ibufds_I_O)     0.983     0.983 r  i_clk/O
                         net (fo=1, unplaced)         0.584     1.567    pll/clk
                         PLLE2_ADV (Prop_plle2_adv_CLKIN1_CLKOUT1)
                                                      0.089     1.656 r  pll/pll/CLKOUT1
                         net (fo=1, unplaced)         0.800     2.456    pll_dac_clk_1x
                         BUFG (Prop_bufg_I_O)         0.101     2.557 r  bufg_dac_clk_1x/O
                         net (fo=45, unplaced)        0.800     3.357    dac_clk_1x
                         FDRE                                         r  dac_dat_a_reg[0]/C
  -------------------------------------------------------------------    -------------------
                         FDRE (Prop_fdre_C_Q)         0.456     3.813 r  dac_dat_a_reg[0]/Q
                         net (fo=1, unplaced)         0.800     4.612    dac_dat_a[0]
    OLOGIC_X0Y86         ODDR                                         r  oddr_dac_dat[0]/D2
  -------------------------------------------------------------------    -------------------

                         (clock pll_dac_clk_1x fall edge)
                                                      4.000     4.000 f  
    U18                                               0.000     4.000 f  adc_clk_p_i (IN)
                         net (fo=0)                   0.000     4.000    adc_clk_p_i
    U18                  IBUFDS (Prop_ibufds_I_O)     0.940     4.940 f  i_clk/O
                         net (fo=1, unplaced)         0.439     5.379    pll/clk
                         PLLE2_ADV (Prop_plle2_adv_CLKIN1_CLKOUT1)
                                                      0.084     5.463 f  pll/pll/CLKOUT1
                         net (fo=1, unplaced)         0.760     6.223    pll_dac_clk_1x
                         BUFG (Prop_bufg_I_O)         0.091     6.314 f  bufg_dac_clk_1x/O
                         net (fo=45, unplaced)        0.760     7.074    dac_clk_1x
    OLOGIC_X0Y86         ODDR                                         f  oddr_dac_dat[0]/C
                         clock pessimism              0.243     7.317    
                         clock uncertainty           -0.069     7.248    
    OLOGIC_X0Y86         ODDR (Setup_oddr_C_D2)      -1.009     6.239    oddr_dac_dat[0]
  -------------------------------------------------------------------
                         required time                          6.239    
                         arrival time                          -4.612    
  -------------------------------------------------------------------
                         slack                                  1.626    





Min Delay Paths
--------------------------------------------------------------------------------------
Slack (VIOLATED) :        -0.089ns  (arrival time - required time)
  Source:                 dac_rst_reg/C
                            (rising edge-triggered cell FDRE clocked by pll_dac_clk_1x  {rise@0.000ns fall@4.000ns period=8.000ns})
  Destination:            oddr_dac_dat[0]/R
                            (rising edge-triggered cell ODDR clocked by pll_dac_clk_1x  {rise@0.000ns fall@4.000ns period=8.000ns})
  Path Group:             pll_dac_clk_1x
  Path Type:              Hold (Min at Fast Process Corner)
  Requirement:            0.000ns  (pll_dac_clk_1x rise@0.000ns - pll_dac_clk_1x rise@0.000ns)
  Data Path Delay:        0.478ns  (logic 0.141ns (29.492%)  route 0.337ns (70.508%))
  Logic Levels:           0  
  Clock Path Skew:        0.145ns (DCD - SCD - CPR)
    Destination Clock Delay (DCD):    1.485ns
    Source Clock Delay      (SCD):    1.139ns
    Clock Pessimism Removal (CPR):    0.200ns

    Location             Delay type                Incr(ns)  Path(ns)    Netlist Resource(s)
  -------------------------------------------------------------------    -------------------
                         (clock pll_dac_clk_1x rise edge)
                                                      0.000     0.000 r  
    U18                                               0.000     0.000 r  adc_clk_p_i (IN)
                         net (fo=0)                   0.000     0.000    adc_clk_p_i
    U18                  IBUFDS (Prop_ibufds_I_O)     0.401     0.401 r  i_clk/O
                         net (fo=1, unplaced)         0.114     0.515    pll/clk
                         PLLE2_ADV (Prop_plle2_adv_CLKIN1_CLKOUT1)
                                                      0.051     0.566 r  pll/pll/CLKOUT1
                         net (fo=1, unplaced)         0.337     0.904    pll_dac_clk_1x
                         BUFG (Prop_bufg_I_O)         0.026     0.930 r  bufg_dac_clk_1x/O
                         net (fo=45, unplaced)        0.210     1.139    dac_clk_1x
                         FDRE                                         r  dac_rst_reg/C
  -------------------------------------------------------------------    -------------------
                         FDRE (Prop_fdre_C_Q)         0.141     1.280 r  dac_rst_reg/Q
                         net (fo=17, unplaced)        0.337     1.618    dac_rst
    OLOGIC_X0Y86         ODDR                                         r  oddr_dac_dat[0]/R
  -------------------------------------------------------------------    -------------------

                         (clock pll_dac_clk_1x rise edge)
                                                      0.000     0.000 r  
    U18                                               0.000     0.000 r  adc_clk_p_i (IN)
                         net (fo=0)                   0.000     0.000    adc_clk_p_i
    U18                  IBUFDS (Prop_ibufds_I_O)     0.433     0.433 r  i_clk/O
                         net (fo=1, unplaced)         0.259     0.692    pll/clk
                         PLLE2_ADV (Prop_plle2_adv_CLKIN1_CLKOUT1)
                                                      0.054     0.746 r  pll/pll/CLKOUT1
                         net (fo=1, unplaced)         0.355     1.101    pll_dac_clk_1x
                         BUFG (Prop_bufg_I_O)         0.029     1.130 r  bufg_dac_clk_1x/O
                         net (fo=45, unplaced)        0.355     1.485    dac_clk_1x
    OLOGIC_X0Y86         ODDR                                         r  oddr_dac_dat[0]/C
                         clock pessimism             -0.200     1.284    
    OLOGIC_X0Y86         ODDR (Hold_oddr_C_R)         0.422     1.706    oddr_dac_dat[0]
  -------------------------------------------------------------------
                         required time                         -1.706    
                         arrival time                           1.618    
  -------------------------------------------------------------------
                         slack                                 -0.089    





Pulse Width Checks
--------------------------------------------------------------------------------------
Clock Name:         pll_dac_clk_1x
Waveform(ns):       { 0.000 4.000 }
Period(ns):         8.000
Sources:            { pll/pll/CLKOUT1 }

Check Type        Corner  Lib Pin            Reference Pin  Required(ns)  Actual(ns)  Slack(ns)  Location  Pin
Min Period        n/a     BUFG/I             n/a            2.155         8.000       5.845                bufg_dac_clk_1x/I
Max Period        n/a     PLLE2_ADV/CLKOUT1  n/a            160.000       8.000       152.000              pll/pll/CLKOUT1
Low Pulse Width   Slow    FDRE/C             n/a            0.500         4.000       3.500                dac_dat_a_reg[0]/C
High Pulse Width  Slow    FDRE/C             n/a            0.500         4.000       3.500                dac_dat_a_reg[0]/C



---------------------------------------------------------------------------------------------------
From Clock:  pll_dac_clk_2p
  To Clock:  pll_dac_clk_2p

Setup :           NA  Failing Endpoints,  Worst Slack           NA  ,  Total Violation           NA
Hold  :           NA  Failing Endpoints,  Worst Slack           NA  ,  Total Violation           NA
PW    :            0  Failing Endpoints,  Worst Slack        1.845ns,  Total Violation        0.000ns
---------------------------------------------------------------------------------------------------


Pulse Width Checks
--------------------------------------------------------------------------------------
Clock Name:         pll_dac_clk_2p
Waveform(ns):       { -0.500 1.500 }
Period(ns):         4.000
Sources:            { pll/pll/CLKOUT3 }

Check Type  Corner  Lib Pin            Reference Pin  Required(ns)  Actual(ns)  Slack(ns)  Location  Pin
Min Period  n/a     BUFG/I             n/a            2.155         4.000       1.845                bufg_dac_clk_2p/I
Max Period  n/a     PLLE2_ADV/CLKOUT3  n/a            160.000       4.000       156.000              pll/pll/CLKOUT3



---------------------------------------------------------------------------------------------------
From Clock:  pll_dac_clk_2x
  To Clock:  pll_dac_clk_2x

Setup :           NA  Failing Endpoints,  Worst Slack           NA  ,  Total Violation           NA
Hold  :           NA  Failing Endpoints,  Worst Slack           NA  ,  Total Violation           NA
PW    :            0  Failing Endpoints,  Worst Slack        1.845ns,  Total Violation        0.000ns
---------------------------------------------------------------------------------------------------


Pulse Width Checks
--------------------------------------------------------------------------------------
Clock Name:         pll_dac_clk_2x
Waveform(ns):       { 0.000 2.000 }
Period(ns):         4.000
Sources:            { pll/pll/CLKOUT2 }

Check Type  Corner  Lib Pin            Reference Pin  Required(ns)  Actual(ns)  Slack(ns)  Location  Pin
Min Period  n/a     BUFG/I             n/a            2.155         4.000       1.845                bufg_dac_clk_2x/I
Max Period  n/a     PLLE2_ADV/CLKOUT2  n/a            160.000       4.000       156.000              pll/pll/CLKOUT2



---------------------------------------------------------------------------------------------------
From Clock:  pll_pwm_clk
  To Clock:  pll_pwm_clk

Setup :            4  Failing Endpoints,  Worst Slack       -0.363ns,  Total Violation       -1.454ns
Hold  :            0  Failing Endpoints,  Worst Slack        0.126ns,  Total Violation        0.000ns
PW    :            0  Failing Endpoints,  Worst Slack        1.500ns,  Total Violation        0.000ns
---------------------------------------------------------------------------------------------------


Max Delay Paths
--------------------------------------------------------------------------------------
Slack (VIOLATED) :        -0.363ns  (required time - arrival time)
  Source:                 pwm[0]/vcnt_r_reg[0]/C
                            (rising edge-triggered cell FDRE clocked by pll_pwm_clk  {rise@0.000ns fall@2.000ns period=4.000ns})
  Destination:            pwm[0]/pwm_o_reg/D
                            (rising edge-triggered cell FDRE clocked by pll_pwm_clk  {rise@0.000ns fall@2.000ns period=4.000ns})
  Path Group:             pll_pwm_clk
  Path Type:              Setup (Max at Slow Process Corner)
  Requirement:            4.000ns  (pll_pwm_clk rise@4.000ns - pll_pwm_clk rise@0.000ns)
  Data Path Delay:        3.184ns  (logic 1.632ns (51.261%)  route 1.552ns (48.739%))
  Logic Levels:           3  (CARRY4=2 LUT4=1)
  Clock Path Skew:        -0.040ns (DCD - SCD + CPR)
    Destination Clock Delay (DCD):    3.074ns = ( 7.074 - 4.000 ) 
    Source Clock Delay      (SCD):    3.357ns
    Clock Pessimism Removal (CPR):    0.243ns
  Clock Uncertainty:      0.063ns  ((TSJ^2 + DJ^2)^1/2) / 2 + PE
    Total System Jitter     (TSJ):    0.071ns
    Discrete Jitter          (DJ):    0.104ns
    Phase Error              (PE):    0.000ns

    Location             Delay type                Incr(ns)  Path(ns)    Netlist Resource(s)
  -------------------------------------------------------------------    -------------------
                         (clock pll_pwm_clk rise edge)
                                                      0.000     0.000 r  
    U18                                               0.000     0.000 r  adc_clk_p_i (IN)
                         net (fo=0)                   0.000     0.000    adc_clk_p_i
    U18                  IBUFDS (Prop_ibufds_I_O)     0.983     0.983 r  i_clk/O
                         net (fo=1, unplaced)         0.584     1.567    pll/clk
                         PLLE2_ADV (Prop_plle2_adv_CLKIN1_CLKOUT5)
                                                      0.089     1.656 r  pll/pll/CLKOUT5
                         net (fo=1, unplaced)         0.800     2.456    pll_pwm_clk
                         BUFG (Prop_bufg_I_O)         0.101     2.557 r  bufg_pwm_clk/O
                         net (fo=215, unplaced)       0.800     3.357    pwm[0]/clk
                         FDRE                                         r  pwm[0]/vcnt_r_reg[0]/C
  -------------------------------------------------------------------    -------------------
                         FDRE (Prop_fdre_C_Q)         0.456     3.813 f  pwm[0]/vcnt_r_reg[0]/Q
                         net (fo=2, unplaced)         0.752     4.565    pwm[0]/vcnt_r[0]
                         LUT4 (Prop_lut4_I1_O)        0.319     4.884 r  pwm[0]/pwm_o_i_8/O
                         net (fo=1, unplaced)         0.000     4.884    pwm[0]/pwm_o_i_8_n_0
                         CARRY4 (Prop_carry4_DI[0]_CO[3])
                                                      0.576     5.460 r  pwm[0]/pwm_o_reg_i_3/CO[3]
                         net (fo=1, unplaced)         0.000     5.460    pwm[0]/pwm_o_reg_i_3_n_0
                         CARRY4 (Prop_carry4_CI_CO[0])
                                                      0.281     5.741 r  pwm[0]/pwm_o_reg_i_2/CO[0]
                         net (fo=1, unplaced)         0.800     6.540    pwm[0]/p_1_in
    OLOGIC_X0Y47         FDRE                                         r  pwm[0]/pwm_o_reg/D
  -------------------------------------------------------------------    -------------------

                         (clock pll_pwm_clk rise edge)
                                                      4.000     4.000 r  
    U18                                               0.000     4.000 r  adc_clk_p_i (IN)
                         net (fo=0)                   0.000     4.000    adc_clk_p_i
    U18                  IBUFDS (Prop_ibufds_I_O)     0.940     4.940 r  i_clk/O
                         net (fo=1, unplaced)         0.439     5.379    pll/clk
                         PLLE2_ADV (Prop_plle2_adv_CLKIN1_CLKOUT5)
                                                      0.084     5.463 r  pll/pll/CLKOUT5
                         net (fo=1, unplaced)         0.760     6.223    pll_pwm_clk
                         BUFG (Prop_bufg_I_O)         0.091     6.314 r  bufg_pwm_clk/O
                         net (fo=215, unplaced)       0.760     7.074    pwm[0]/clk
    OLOGIC_X0Y47         FDRE                                         r  pwm[0]/pwm_o_reg/C
                         clock pessimism              0.243     7.317    
                         clock uncertainty           -0.063     7.254    
    OLOGIC_X0Y47         FDRE (Setup_fdre_C_D)       -1.077     6.177    pwm[0]/pwm_o_reg
  -------------------------------------------------------------------
                         required time                          6.177    
                         arrival time                          -6.540    
  -------------------------------------------------------------------
                         slack                                 -0.363    





Min Delay Paths
--------------------------------------------------------------------------------------
Slack (MET) :             0.126ns  (arrival time - required time)
  Source:                 pwm_rstn_reg/C
                            (rising edge-triggered cell FDRE clocked by pll_pwm_clk  {rise@0.000ns fall@2.000ns period=4.000ns})
  Destination:            pwm[0]/pwm_o_reg/R
                            (rising edge-triggered cell FDRE clocked by pll_pwm_clk  {rise@0.000ns fall@2.000ns period=4.000ns})
  Path Group:             pll_pwm_clk
  Path Type:              Hold (Min at Fast Process Corner)
  Requirement:            0.000ns  (pll_pwm_clk rise@0.000ns - pll_pwm_clk rise@0.000ns)
  Data Path Delay:        0.747ns  (logic 0.239ns (32.003%)  route 0.508ns (67.997%))
  Logic Levels:           1  (LUT1=1)
  Clock Path Skew:        0.145ns (DCD - SCD - CPR)
    Destination Clock Delay (DCD):    1.485ns
    Source Clock Delay      (SCD):    1.139ns
    Clock Pessimism Removal (CPR):    0.200ns

    Location             Delay type                Incr(ns)  Path(ns)    Netlist Resource(s)
  -------------------------------------------------------------------    -------------------
                         (clock pll_pwm_clk rise edge)
                                                      0.000     0.000 r  
    U18                                               0.000     0.000 r  adc_clk_p_i (IN)
                         net (fo=0)                   0.000     0.000    adc_clk_p_i
    U18                  IBUFDS (Prop_ibufds_I_O)     0.401     0.401 r  i_clk/O
                         net (fo=1, unplaced)         0.114     0.515    pll/clk
                         PLLE2_ADV (Prop_plle2_adv_CLKIN1_CLKOUT5)
                                                      0.051     0.566 r  pll/pll/CLKOUT5
                         net (fo=1, unplaced)         0.337     0.904    pll_pwm_clk
                         BUFG (Prop_bufg_I_O)         0.026     0.930 r  bufg_pwm_clk/O
                         net (fo=215, unplaced)       0.210     1.139    pwm_clk
                         FDRE                                         r  pwm_rstn_reg/C
  -------------------------------------------------------------------    -------------------
                         FDRE (Prop_fdre_C_Q)         0.141     1.280 f  pwm_rstn_reg/Q
                         net (fo=80, unplaced)        0.171     1.451    pwm[0]/rstn
                         LUT1 (Prop_lut1_I0_O)        0.098     1.549 r  pwm[0]/pwm_o_i_1/O
                         net (fo=13, unplaced)        0.337     1.886    pwm[0]/clear
    OLOGIC_X0Y47         FDRE                                         r  pwm[0]/pwm_o_reg/R
  -------------------------------------------------------------------    -------------------

                         (clock pll_pwm_clk rise edge)
                                                      0.000     0.000 r  
    U18                                               0.000     0.000 r  adc_clk_p_i (IN)
                         net (fo=0)                   0.000     0.000    adc_clk_p_i
    U18                  IBUFDS (Prop_ibufds_I_O)     0.433     0.433 r  i_clk/O
                         net (fo=1, unplaced)         0.259     0.692    pll/clk
                         PLLE2_ADV (Prop_plle2_adv_CLKIN1_CLKOUT5)
                                                      0.054     0.746 r  pll/pll/CLKOUT5
                         net (fo=1, unplaced)         0.355     1.101    pll_pwm_clk
                         BUFG (Prop_bufg_I_O)         0.029     1.130 r  bufg_pwm_clk/O
                         net (fo=215, unplaced)       0.355     1.485    pwm[0]/clk
    OLOGIC_X0Y47         FDRE                                         r  pwm[0]/pwm_o_reg/C
                         clock pessimism             -0.200     1.284    
    OLOGIC_X0Y47         FDRE (Hold_fdre_C_R)         0.476     1.760    pwm[0]/pwm_o_reg
  -------------------------------------------------------------------
                         required time                         -1.760    
                         arrival time                           1.886    
  -------------------------------------------------------------------
                         slack                                  0.126    





Pulse Width Checks
--------------------------------------------------------------------------------------
Clock Name:         pll_pwm_clk
Waveform(ns):       { 0.000 2.000 }
Period(ns):         4.000
Sources:            { pll/pll/CLKOUT5 }

Check Type        Corner  Lib Pin            Reference Pin  Required(ns)  Actual(ns)  Slack(ns)  Location  Pin
Min Period        n/a     BUFG/I             n/a            2.155         4.000       1.845                bufg_pwm_clk/I
Max Period        n/a     PLLE2_ADV/CLKOUT5  n/a            160.000       4.000       156.000              pll/pll/CLKOUT5
Low Pulse Width   Slow    FDRE/C             n/a            0.500         2.000       1.500                pwm_rstn_reg/C
High Pulse Width  Slow    FDRE/C             n/a            0.500         2.000       1.500                pwm_rstn_reg/C



---------------------------------------------------------------------------------------------------
From Clock:  pll_ser_clk
  To Clock:  pll_ser_clk

Setup :           NA  Failing Endpoints,  Worst Slack           NA  ,  Total Violation           NA
Hold  :           NA  Failing Endpoints,  Worst Slack           NA  ,  Total Violation           NA
PW    :            0  Failing Endpoints,  Worst Slack        1.845ns,  Total Violation        0.000ns
---------------------------------------------------------------------------------------------------


Pulse Width Checks
--------------------------------------------------------------------------------------
Clock Name:         pll_ser_clk
Waveform(ns):       { 0.000 2.000 }
Period(ns):         4.000
Sources:            { pll/pll/CLKOUT4 }

Check Type  Corner  Lib Pin            Reference Pin  Required(ns)  Actual(ns)  Slack(ns)  Location  Pin
Min Period  n/a     BUFG/I             n/a            2.155         4.000       1.845                bufg_ser_clk/I
Max Period  n/a     PLLE2_ADV/CLKOUT4  n/a            160.000       4.000       156.000              pll/pll/CLKOUT4



---------------------------------------------------------------------------------------------------
From Clock:  clk_fpga_0
  To Clock:  clk_fpga_0

Setup :           NA  Failing Endpoints,  Worst Slack           NA  ,  Total Violation           NA
Hold  :           NA  Failing Endpoints,  Worst Slack           NA  ,  Total Violation           NA
PW    :            0  Failing Endpoints,  Worst Slack        5.845ns,  Total Violation        0.000ns
---------------------------------------------------------------------------------------------------


Pulse Width Checks
--------------------------------------------------------------------------------------
Clock Name:         clk_fpga_0
Waveform(ns):       { 0.000 4.000 }
Period(ns):         8.000
Sources:            { i_ps/system_i/system_i/processing_system7/inst/PS7_i/FCLKCLK[0] }

Check Type  Corner  Lib Pin  Reference Pin  Required(ns)  Actual(ns)  Slack(ns)  Location  Pin
Min Period  n/a     BUFG/I   n/a            2.155         8.000       5.845                i_ps/i_fclk0_buf/I



---------------------------------------------------------------------------------------------------
From Clock:  clk_fpga_1
  To Clock:  clk_fpga_1

Setup :           NA  Failing Endpoints,  Worst Slack           NA  ,  Total Violation           NA
Hold  :           NA  Failing Endpoints,  Worst Slack           NA  ,  Total Violation           NA
PW    :            0  Failing Endpoints,  Worst Slack        1.845ns,  Total Violation        0.000ns
---------------------------------------------------------------------------------------------------


Pulse Width Checks
--------------------------------------------------------------------------------------
Clock Name:         clk_fpga_1
Waveform(ns):       { 0.000 2.000 }
Period(ns):         4.000
Sources:            { i_ps/system_i/system_i/processing_system7/inst/PS7_i/FCLKCLK[1] }

Check Type  Corner  Lib Pin  Reference Pin  Required(ns)  Actual(ns)  Slack(ns)  Location  Pin
Min Period  n/a     BUFG/I   n/a            2.155         4.000       1.845                i_ps/i_fclk1_buf/I



---------------------------------------------------------------------------------------------------
From Clock:  clk_fpga_2
  To Clock:  clk_fpga_2

Setup :           NA  Failing Endpoints,  Worst Slack           NA  ,  Total Violation           NA
Hold  :           NA  Failing Endpoints,  Worst Slack           NA  ,  Total Violation           NA
PW    :            0  Failing Endpoints,  Worst Slack       17.845ns,  Total Violation        0.000ns
---------------------------------------------------------------------------------------------------


Pulse Width Checks
--------------------------------------------------------------------------------------
Clock Name:         clk_fpga_2
Waveform(ns):       { 0.000 10.000 }
Period(ns):         20.000
Sources:            { i_ps/system_i/system_i/processing_system7/inst/PS7_i/FCLKCLK[2] }

Check Type  Corner  Lib Pin  Reference Pin  Required(ns)  Actual(ns)  Slack(ns)  Location  Pin
Min Period  n/a     BUFG/I   n/a            2.155         20.000      17.845               i_ps/i_fclk2_buf/I



---------------------------------------------------------------------------------------------------
From Clock:  clk_fpga_3
  To Clock:  clk_fpga_3

Setup :            8  Failing Endpoints,  Worst Slack       -0.169ns,  Total Violation       -1.351ns
Hold  :            0  Failing Endpoints,  Worst Slack        0.045ns,  Total Violation        0.000ns
PW    :            0  Failing Endpoints,  Worst Slack        1.000ns,  Total Violation        0.000ns
---------------------------------------------------------------------------------------------------


Max Delay Paths
--------------------------------------------------------------------------------------
Slack (VIOLATED) :        -0.169ns  (required time - arrival time)
  Source:                 i_ps/system_i/system_i/axi_protocol_converter_0/inst/gen_axilite.gen_b2s_conv.axilite_b2s/WR.b_channel_0/bid_fifo_0/memory_reg[3][3]_srl4/CLK
                            (rising edge-triggered cell SRL16E clocked by clk_fpga_3  {rise@0.000ns fall@2.500ns period=5.000ns})
  Destination:            i_ps/system_i/system_i/axi_protocol_converter_0/inst/gen_axilite.gen_b2s_conv.axilite_b2s/WR.b_channel_0/bresp_cnt_reg[0]/R
                            (rising edge-triggered cell FDRE clocked by clk_fpga_3  {rise@0.000ns fall@2.500ns period=5.000ns})
  Path Group:             clk_fpga_3
  Path Type:              Setup (Max at Slow Process Corner)
  Requirement:            5.000ns  (clk_fpga_3 rise@5.000ns - clk_fpga_3 rise@0.000ns)
  Data Path Delay:        4.508ns  (logic 1.876ns (41.615%)  route 2.632ns (58.385%))
  Logic Levels:           2  (LUT4=1 LUT6=1)
  Clock Path Skew:        -0.145ns (DCD - SCD + CPR)
    Destination Clock Delay (DCD):    1.505ns = ( 6.505 - 5.000 ) 
    Source Clock Delay      (SCD):    1.700ns
    Clock Pessimism Removal (CPR):    0.050ns
  Clock Uncertainty:      0.083ns  ((TSJ^2 + TIJ^2)^1/2 + DJ) / 2 + PE
    Total System Jitter     (TSJ):    0.071ns
    Total Input Jitter      (TIJ):    0.150ns
    Discrete Jitter          (DJ):    0.000ns
    Phase Error              (PE):    0.000ns

    Location             Delay type                Incr(ns)  Path(ns)    Netlist Resource(s)
  -------------------------------------------------------------------    -------------------
                         (clock clk_fpga_3 rise edge)
                                                      0.000     0.000 r  
    PS7_X0Y0             PS7                          0.000     0.000 r  i_ps/system_i/system_i/processing_system7/inst/PS7_i/FCLKCLK[3]
                         net (fo=1, unplaced)         0.800     0.800    i_ps/system_i/system_i/processing_system7/inst/FCLK_CLK_unbuffered[3]
                         BUFG (Prop_bufg_I_O)         0.101     0.901 r  i_ps/system_i/system_i/processing_system7/inst/buffer_fclk_clk_3.FCLK_CLK_3_BUFG/O
                         net (fo=752, unplaced)       0.800     1.700    i_ps/system_i/system_i/axi_protocol_converter_0/inst/gen_axilite.gen_b2s_conv.axilite_b2s/WR.b_channel_0/bid_fifo_0/clk
                         SRL16E                                       r  i_ps/system_i/system_i/axi_protocol_converter_0/inst/gen_axilite.gen_b2s_conv.axilite_b2s/WR.b_channel_0/bid_fifo_0/memory_reg[3][3]_srl4/CLK
  -------------------------------------------------------------------    -------------------
                         SRL16E (Prop_srl16e_CLK_Q)
                                                      1.628     3.328 r  i_ps/system_i/system_i/axi_protocol_converter_0/inst/gen_axilite.gen_b2s_conv.axilite_b2s/WR.b_channel_0/bid_fifo_0/memory_reg[3][3]_srl4/Q
                         net (fo=1, unplaced)         0.902     4.230    i_ps/system_i/system_i/axi_protocol_converter_0/inst/gen_axilite.gen_b2s_conv.axilite_b2s/WR.b_channel_0/bid_fifo_0_n_16
                         LUT4 (Prop_lut4_I1_O)        0.124     4.354 r  i_ps/system_i/system_i/axi_protocol_converter_0/inst/gen_axilite.gen_b2s_conv.axilite_b2s/WR.b_channel_0/bresp_fifo_0_i_2/O
                         net (fo=2, unplaced)         0.913     5.267    i_ps/system_i/system_i/axi_protocol_converter_0/inst/gen_axilite.gen_b2s_conv.axilite_b2s/WR.b_channel_0/bresp_fifo_0_i_2_n_0
                         LUT6 (Prop_lut6_I2_O)        0.124     5.391 r  i_ps/system_i/system_i/axi_protocol_converter_0/inst/gen_axilite.gen_b2s_conv.axilite_b2s/WR.b_channel_0/bresp_cnt[7]_i_1/O
                         net (fo=9, unplaced)         0.817     6.208    i_ps/system_i/system_i/axi_protocol_converter_0/inst/gen_axilite.gen_b2s_conv.axilite_b2s/WR.b_channel_0/s_bresp_acc0
                         FDRE                                         r  i_ps/system_i/system_i/axi_protocol_converter_0/inst/gen_axilite.gen_b2s_conv.axilite_b2s/WR.b_channel_0/bresp_cnt_reg[0]/R
  -------------------------------------------------------------------    -------------------

                         (clock clk_fpga_3 rise edge)
                                                      5.000     5.000 r  
    PS7_X0Y0             PS7                          0.000     5.000 r  i_ps/system_i/system_i/processing_system7/inst/PS7_i/FCLKCLK[3]
                         net (fo=1, unplaced)         0.760     5.760    i_ps/system_i/system_i/processing_system7/inst/FCLK_CLK_unbuffered[3]
                         BUFG (Prop_bufg_I_O)         0.091     5.851 r  i_ps/system_i/system_i/processing_system7/inst/buffer_fclk_clk_3.FCLK_CLK_3_BUFG/O
                         net (fo=752, unplaced)       0.655     6.505    i_ps/system_i/system_i/axi_protocol_converter_0/inst/gen_axilite.gen_b2s_conv.axilite_b2s/WR.b_channel_0/clk
                         FDRE                                         r  i_ps/system_i/system_i/axi_protocol_converter_0/inst/gen_axilite.gen_b2s_conv.axilite_b2s/WR.b_channel_0/bresp_cnt_reg[0]/C
                         clock pessimism              0.050     6.555    
                         clock uncertainty           -0.083     6.473    
                         FDRE (Setup_fdre_C_R)       -0.433     6.040    i_ps/system_i/system_i/axi_protocol_converter_0/inst/gen_axilite.gen_b2s_conv.axilite_b2s/WR.b_channel_0/bresp_cnt_reg[0]
  -------------------------------------------------------------------
                         required time                          6.040    
                         arrival time                          -6.208    
  -------------------------------------------------------------------
                         slack                                 -0.169    





Min Delay Paths
--------------------------------------------------------------------------------------
Slack (MET) :             0.045ns  (arrival time - required time)
  Source:                 i_ps/system_i/system_i/proc_sys_reset/U0/EXT_LPF/ACTIVE_LOW_EXT.ACT_LO_EXT/GENERATE_LEVEL_P_S_CDC.SINGLE_BIT.CROSS_PLEVEL_IN2SCNDRY_IN_cdc_to/C
                            (rising edge-triggered cell FDRE clocked by clk_fpga_3  {rise@0.000ns fall@2.500ns period=5.000ns})
  Destination:            i_ps/system_i/system_i/proc_sys_reset/U0/EXT_LPF/ACTIVE_LOW_EXT.ACT_LO_EXT/GENERATE_LEVEL_P_S_CDC.SINGLE_BIT.CROSS_PLEVEL_IN2SCNDRY_s_level_out_d2/D
                            (rising edge-triggered cell FDRE clocked by clk_fpga_3  {rise@0.000ns fall@2.500ns period=5.000ns})
  Path Group:             clk_fpga_3
  Path Type:              Hold (Min at Fast Process Corner)
  Requirement:            0.000ns  (clk_fpga_3 rise@0.000ns - clk_fpga_3 rise@0.000ns)
  Data Path Delay:        0.228ns  (logic 0.147ns (64.493%)  route 0.081ns (35.507%))
  Logic Levels:           0  
  Clock Path Skew:        0.145ns (DCD - SCD - CPR)
    Destination Clock Delay (DCD):    0.739ns
    Source Clock Delay      (SCD):    0.573ns
    Clock Pessimism Removal (CPR):    0.021ns

    Location             Delay type                Incr(ns)  Path(ns)    Netlist Resource(s)
  -------------------------------------------------------------------    -------------------
                         (clock clk_fpga_3 rise edge)
                                                      0.000     0.000 r  
    PS7_X0Y0             PS7                          0.000     0.000 r  i_ps/system_i/system_i/processing_system7/inst/PS7_i/FCLKCLK[3]
                         net (fo=1, unplaced)         0.337     0.337    i_ps/system_i/system_i/processing_system7/inst/FCLK_CLK_unbuffered[3]
                         BUFG (Prop_bufg_I_O)         0.026     0.363 r  i_ps/system_i/system_i/processing_system7/inst/buffer_fclk_clk_3.FCLK_CLK_3_BUFG/O
                         net (fo=752, unplaced)       0.210     0.573    i_ps/system_i/system_i/proc_sys_reset/U0/EXT_LPF/ACTIVE_LOW_EXT.ACT_LO_EXT/scndry_aclk
                         FDRE                                         r  i_ps/system_i/system_i/proc_sys_reset/U0/EXT_LPF/ACTIVE_LOW_EXT.ACT_LO_EXT/GENERATE_LEVEL_P_S_CDC.SINGLE_BIT.CROSS_PLEVEL_IN2SCNDRY_IN_cdc_to/C
  -------------------------------------------------------------------    -------------------
                         FDRE (Prop_fdre_C_Q)         0.147     0.720 r  i_ps/system_i/system_i/proc_sys_reset/U0/EXT_LPF/ACTIVE_LOW_EXT.ACT_LO_EXT/GENERATE_LEVEL_P_S_CDC.SINGLE_BIT.CROSS_PLEVEL_IN2SCNDRY_IN_cdc_to/Q
                         net (fo=1, unplaced)         0.081     0.801    i_ps/system_i/system_i/proc_sys_reset/U0/EXT_LPF/ACTIVE_LOW_EXT.ACT_LO_EXT/Q
                         FDRE                                         r  i_ps/system_i/system_i/proc_sys_reset/U0/EXT_LPF/ACTIVE_LOW_EXT.ACT_LO_EXT/GENERATE_LEVEL_P_S_CDC.SINGLE_BIT.CROSS_PLEVEL_IN2SCNDRY_s_level_out_d2/D
  -------------------------------------------------------------------    -------------------

                         (clock clk_fpga_3 rise edge)
                                                      0.000     0.000 r  
    PS7_X0Y0             PS7                          0.000     0.000 r  i_ps/system_i/system_i/processing_system7/inst/PS7_i/FCLKCLK[3]
                         net (fo=1, unplaced)         0.355     0.355    i_ps/system_i/system_i/processing_system7/inst/FCLK_CLK_unbuffered[3]
                         BUFG (Prop_bufg_I_O)         0.029     0.384 r  i_ps/system_i/system_i/processing_system7/inst/buffer_fclk_clk_3.FCLK_CLK_3_BUFG/O
                         net (fo=752, unplaced)       0.355     0.739    i_ps/system_i/system_i/proc_sys_reset/U0/EXT_LPF/ACTIVE_LOW_EXT.ACT_LO_EXT/scndry_aclk
                         FDRE                                         r  i_ps/system_i/system_i/proc_sys_reset/U0/EXT_LPF/ACTIVE_LOW_EXT.ACT_LO_EXT/GENERATE_LEVEL_P_S_CDC.SINGLE_BIT.CROSS_PLEVEL_IN2SCNDRY_s_level_out_d2/C
                         clock pessimism             -0.021     0.718    
                         FDRE (Hold_fdre_C_D)         0.038     0.756    i_ps/system_i/system_i/proc_sys_reset/U0/EXT_LPF/ACTIVE_LOW_EXT.ACT_LO_EXT/GENERATE_LEVEL_P_S_CDC.SINGLE_BIT.CROSS_PLEVEL_IN2SCNDRY_s_level_out_d2
  -------------------------------------------------------------------
                         required time                         -0.756    
                         arrival time                           0.801    
  -------------------------------------------------------------------
                         slack                                  0.045    





Pulse Width Checks
--------------------------------------------------------------------------------------
Clock Name:         clk_fpga_3
Waveform(ns):       { 0.000 2.500 }
Period(ns):         5.000
Sources:            { i_ps/system_i/system_i/processing_system7/inst/PS7_i/FCLKCLK[3] }

Check Type        Corner  Lib Pin      Reference Pin  Required(ns)  Actual(ns)  Slack(ns)  Location   Pin
Min Period        n/a     XADC/DCLK    n/a            4.000         5.000       1.000      XADC_X0Y0  i_ps/system_i/system_i/xadc/inst/AXI_XADC_CORE_I/XADC_INST/DCLK
Low Pulse Width   Slow    SRLC32E/CLK  n/a            0.980         2.500       1.520                 i_ps/system_i/system_i/axi_protocol_converter_0/inst/gen_axilite.gen_b2s_conv.axilite_b2s/RD.r_channel_0/rd_data_fifo_0/memory_reg[31][0]_srl32/CLK
High Pulse Width  Slow    SRLC32E/CLK  n/a            0.980         2.500       1.520                 i_ps/system_i/system_i/axi_protocol_converter_0/inst/gen_axilite.gen_b2s_conv.axilite_b2s/RD.r_channel_0/rd_data_fifo_0/memory_reg[31][0]_srl32/CLK



---------------------------------------------------------------------------------------------------
From Clock:  adc_clk
  To Clock:  pll_adc_clk

Setup :            0  Failing Endpoints,  Worst Slack        4.849ns,  Total Violation        0.000ns
Hold  :            0  Failing Endpoints,  Worst Slack        1.266ns,  Total Violation        0.000ns
---------------------------------------------------------------------------------------------------


Max Delay Paths
--------------------------------------------------------------------------------------
Slack (MET) :             4.849ns  (required time - arrival time)
  Source:                 adc_dat_a_i[7]
                            (input port clocked by adc_clk  {rise@0.000ns fall@4.000ns period=8.000ns})
  Destination:            adc_dat_a_reg[5]/D
                            (rising edge-triggered cell FDRE clocked by pll_adc_clk  {rise@0.000ns fall@4.000ns period=8.000ns})
  Path Group:             pll_adc_clk
  Path Type:              Setup (Max at Fast Process Corner)
  Requirement:            8.000ns  (pll_adc_clk rise@8.000ns - adc_clk rise@0.000ns)
  Data Path Delay:        0.850ns  (logic 0.488ns (57.440%)  route 0.362ns (42.560%))
  Logic Levels:           1  (IBUF=1)
  Input Delay:            3.400ns
  Clock Path Skew:        1.267ns (DCD - SCD + CPR)
    Destination Clock Delay (DCD):    1.267ns = ( 9.267 - 8.000 ) 
    Source Clock Delay      (SCD):    0.000ns
    Clock Pessimism Removal (CPR):    0.000ns
  Clock Uncertainty:      0.166ns  ((TSJ^2 + DJ^2)^1/2) / 2 + PE
    Total System Jitter     (TSJ):    0.071ns
    Discrete Jitter          (DJ):    0.118ns
    Phase Error              (PE):    0.097ns

    Location             Delay type                Incr(ns)  Path(ns)    Netlist Resource(s)
  -------------------------------------------------------------------    -------------------
                         (clock adc_clk rise edge)    0.000     0.000 r  
                         input delay                  3.400     3.400    
    Y14                                               0.000     3.400 r  adc_dat_a_i[7] (IN)
                         net (fo=0)                   0.000     3.400    adc_dat_a_i[7]
    Y14                  IBUF (Prop_ibuf_I_O)         0.488     3.888 r  adc_dat_a_i_IBUF[7]_inst/O
                         net (fo=1, estimated)        0.362     4.250    adc_dat_a_i_IBUF[7]
    ILOGIC_X0Y33         FDRE                                         r  adc_dat_a_reg[5]/D
  -------------------------------------------------------------------    -------------------

                         (clock pll_adc_clk rise edge)
                                                      8.000     8.000 r  
    U18                                               0.000     8.000 r  adc_clk_p_i (IN)
                         net (fo=0)                   0.000     8.000    adc_clk_p_i
    U18                  IBUFDS (Prop_ibufds_I_O)     0.401     8.401 r  i_clk/O
                         net (fo=1, unplaced)         0.114     8.515    pll/clk
                         PLLE2_ADV (Prop_plle2_adv_CLKIN1_CLKOUT0)
                                                      0.051     8.566 r  pll/pll/CLKOUT0
                         net (fo=1, unplaced)         0.337     8.904    pll_adc_clk
                         BUFG (Prop_bufg_I_O)         0.026     8.930 r  bufg_adc_clk/O
                         net (fo=9723, unplaced)      0.337     9.267    adc_clk
    ILOGIC_X0Y33         FDRE                                         r  adc_dat_a_reg[5]/C
                         clock pessimism              0.000     9.267    
                         clock uncertainty           -0.166     9.101    
    ILOGIC_X0Y33         FDRE (Setup_fdre_C_D)       -0.002     9.099    adc_dat_a_reg[5]
  -------------------------------------------------------------------
                         required time                          9.099    
                         arrival time                          -4.250    
  -------------------------------------------------------------------
                         slack                                  4.849    





Min Delay Paths
--------------------------------------------------------------------------------------
Slack (MET) :             1.266ns  (arrival time - required time)
  Source:                 adc_dat_b_i[3]
                            (input port clocked by adc_clk  {rise@0.000ns fall@4.000ns period=8.000ns})
  Destination:            adc_dat_b_reg[1]/D
                            (rising edge-triggered cell FDRE clocked by pll_adc_clk  {rise@0.000ns fall@4.000ns period=8.000ns})
  Path Group:             pll_adc_clk
  Path Type:              Hold (Min at Slow Process Corner)
  Requirement:            0.000ns  (pll_adc_clk rise@0.000ns - adc_clk rise@0.000ns)
  Data Path Delay:        1.579ns  (logic 0.805ns (50.978%)  route 0.774ns (49.022%))
  Logic Levels:           1  (IBUF=1)
  Input Delay:            3.400ns
  Clock Path Skew:        3.357ns (DCD - SCD - CPR)
    Destination Clock Delay (DCD):    3.357ns
    Source Clock Delay      (SCD):    0.000ns
    Clock Pessimism Removal (CPR):    -0.000ns
  Clock Uncertainty:      0.166ns  ((TSJ^2 + DJ^2)^1/2) / 2 + PE
    Total System Jitter     (TSJ):    0.071ns
    Discrete Jitter          (DJ):    0.118ns
    Phase Error              (PE):    0.097ns

    Location             Delay type                Incr(ns)  Path(ns)    Netlist Resource(s)
  -------------------------------------------------------------------    -------------------
                         (clock adc_clk rise edge)    0.000     0.000 r  
                         input delay                  3.400     3.400    
    P16                                               0.000     3.400 r  adc_dat_b_i[3] (IN)
                         net (fo=0)                   0.000     3.400    adc_dat_b_i[3]
    P16                  IBUF (Prop_ibuf_I_O)         0.805     4.205 r  adc_dat_b_i_IBUF[3]_inst/O
                         net (fo=1, estimated)        0.774     4.979    adc_dat_b_i_IBUF[3]
    ILOGIC_X0Y1          FDRE                                         r  adc_dat_b_reg[1]/D
  -------------------------------------------------------------------    -------------------

                         (clock pll_adc_clk rise edge)
                                                      0.000     0.000 r  
    U18                                               0.000     0.000 r  adc_clk_p_i (IN)
                         net (fo=0)                   0.000     0.000    adc_clk_p_i
    U18                  IBUFDS (Prop_ibufds_I_O)     0.983     0.983 r  i_clk/O
                         net (fo=1, unplaced)         0.584     1.567    pll/clk
                         PLLE2_ADV (Prop_plle2_adv_CLKIN1_CLKOUT0)
                                                      0.089     1.656 r  pll/pll/CLKOUT0
                         net (fo=1, unplaced)         0.800     2.456    pll_adc_clk
                         BUFG (Prop_bufg_I_O)         0.101     2.557 r  bufg_adc_clk/O
                         net (fo=9723, unplaced)      0.800     3.357    adc_clk
    ILOGIC_X0Y1          FDRE                                         r  adc_dat_b_reg[1]/C
                         clock pessimism              0.000     3.357    
                         clock uncertainty            0.166     3.522    
    ILOGIC_X0Y1          FDRE (Hold_fdre_C_D)         0.191     3.713    adc_dat_b_reg[1]
  -------------------------------------------------------------------
                         required time                         -3.713    
                         arrival time                           4.979    
  -------------------------------------------------------------------
                         slack                                  1.266    





---------------------------------------------------------------------------------------------------
From Clock:  pll_adc_clk
  To Clock:  pll_dac_clk_1x

Setup :            0  Failing Endpoints,  Worst Slack        5.303ns,  Total Violation        0.000ns
Hold  :            2  Failing Endpoints,  Worst Slack       -0.027ns,  Total Violation       -0.054ns
---------------------------------------------------------------------------------------------------


Max Delay Paths
--------------------------------------------------------------------------------------
Slack (MET) :             5.303ns  (required time - arrival time)
  Source:                 i_dsp/sum1_reg[10]/C
                            (rising edge-triggered cell FDRE clocked by pll_adc_clk  {rise@0.000ns fall@4.000ns period=8.000ns})
  Destination:            dac_dat_a_reg[10]/D
                            (rising edge-triggered cell FDRE clocked by pll_dac_clk_1x  {rise@0.000ns fall@4.000ns period=8.000ns})
  Path Group:             pll_dac_clk_1x
  Path Type:              Setup (Max at Slow Process Corner)
  Requirement:            8.000ns  (pll_dac_clk_1x rise@8.000ns - pll_adc_clk rise@0.000ns)
  Data Path Delay:        2.342ns  (logic 0.875ns (37.361%)  route 1.467ns (62.639%))
  Logic Levels:           2  (LUT1=1 LUT6=1)
  Clock Path Skew:        -0.195ns (DCD - SCD + CPR)
    Destination Clock Delay (DCD):    2.969ns = ( 10.969 - 8.000 ) 
    Source Clock Delay      (SCD):    3.357ns
    Clock Pessimism Removal (CPR):    0.193ns
  Clock Uncertainty:      0.189ns  ((TSJ^2 + DJ^2)^1/2) / 2 + PE
    Total System Jitter     (TSJ):    0.071ns
    Discrete Jitter          (DJ):    0.118ns
    Phase Error              (PE):    0.120ns

    Location             Delay type                Incr(ns)  Path(ns)    Netlist Resource(s)
  -------------------------------------------------------------------    -------------------
                         (clock pll_adc_clk rise edge)
                                                      0.000     0.000 r  
    U18                                               0.000     0.000 r  adc_clk_p_i (IN)
                         net (fo=0)                   0.000     0.000    adc_clk_p_i
    U18                  IBUFDS (Prop_ibufds_I_O)     0.983     0.983 r  i_clk/O
                         net (fo=1, unplaced)         0.584     1.567    pll/clk
                         PLLE2_ADV (Prop_plle2_adv_CLKIN1_CLKOUT0)
                                                      0.089     1.656 r  pll/pll/CLKOUT0
                         net (fo=1, unplaced)         0.800     2.456    pll_adc_clk
                         BUFG (Prop_bufg_I_O)         0.101     2.557 r  bufg_adc_clk/O
                         net (fo=9723, unplaced)      0.800     3.357    i_dsp/clk_i
                         FDRE                                         r  i_dsp/sum1_reg[10]/C
  -------------------------------------------------------------------    -------------------
                         FDRE (Prop_fdre_C_Q)         0.456     3.813 f  i_dsp/sum1_reg[10]/Q
                         net (fo=1, unplaced)         0.965     4.778    i_dsp/dac_saturate[0]/input_i[10]
                         LUT6 (Prop_lut6_I0_O)        0.295     5.073 f  i_dsp/dac_saturate[0]/output_o[10]_INST_0/O
                         net (fo=15, unplaced)        0.502     5.575    dac_a[10]
                         LUT1 (Prop_lut1_I0_O)        0.124     5.699 r  dac_dat_a[10]_i_1/O
                         net (fo=1, unplaced)         0.000     5.699    dac_dat_a[10]_i_1_n_0
                         FDRE                                         r  dac_dat_a_reg[10]/D
  -------------------------------------------------------------------    -------------------

                         (clock pll_dac_clk_1x rise edge)
                                                      8.000     8.000 r  
    U18                                               0.000     8.000 r  adc_clk_p_i (IN)
                         net (fo=0)                   0.000     8.000    adc_clk_p_i
    U18                  IBUFDS (Prop_ibufds_I_O)     0.940     8.940 r  i_clk/O
                         net (fo=1, unplaced)         0.439     9.379    pll/clk
                         PLLE2_ADV (Prop_plle2_adv_CLKIN1_CLKOUT1)
                                                      0.084     9.463 r  pll/pll/CLKOUT1
                         net (fo=1, unplaced)         0.760    10.223    pll_dac_clk_1x
                         BUFG (Prop_bufg_I_O)         0.091    10.314 r  bufg_dac_clk_1x/O
                         net (fo=45, unplaced)        0.655    10.969    dac_clk_1x
                         FDRE                                         r  dac_dat_a_reg[10]/C
                         clock pessimism              0.193    11.162    
                         clock uncertainty           -0.189    10.973    
                         FDRE (Setup_fdre_C_D)        0.029    11.002    dac_dat_a_reg[10]
  -------------------------------------------------------------------
                         required time                         11.002    
                         arrival time                          -5.699    
  -------------------------------------------------------------------
                         slack                                  5.303    





Min Delay Paths
--------------------------------------------------------------------------------------
Slack (VIOLATED) :        -0.027ns  (arrival time - required time)
  Source:                 i_dsp/sum1_reg[17]/C
                            (rising edge-triggered cell FDRE clocked by pll_adc_clk  {rise@0.000ns fall@4.000ns period=8.000ns})
  Destination:            dac_dat_a_reg[13]/D
                            (rising edge-triggered cell FDRE clocked by pll_dac_clk_1x  {rise@0.000ns fall@4.000ns period=8.000ns})
  Path Group:             pll_dac_clk_1x
  Path Type:              Hold (Min at Fast Process Corner)
  Requirement:            0.000ns  (pll_dac_clk_1x rise@0.000ns - pll_adc_clk rise@0.000ns)
  Data Path Delay:        0.310ns  (logic 0.141ns (45.418%)  route 0.169ns (54.582%))
  Logic Levels:           0  
  Clock Path Skew:        0.166ns (DCD - SCD - CPR)
    Destination Clock Delay (DCD):    1.485ns
    Source Clock Delay      (SCD):    1.139ns
    Clock Pessimism Removal (CPR):    0.179ns
  Clock Uncertainty:      0.189ns  ((TSJ^2 + DJ^2)^1/2) / 2 + PE
    Total System Jitter     (TSJ):    0.071ns
    Discrete Jitter          (DJ):    0.118ns
    Phase Error              (PE):    0.120ns

    Location             Delay type                Incr(ns)  Path(ns)    Netlist Resource(s)
  -------------------------------------------------------------------    -------------------
                         (clock pll_adc_clk rise edge)
                                                      0.000     0.000 r  
    U18                                               0.000     0.000 r  adc_clk_p_i (IN)
                         net (fo=0)                   0.000     0.000    adc_clk_p_i
    U18                  IBUFDS (Prop_ibufds_I_O)     0.401     0.401 r  i_clk/O
                         net (fo=1, unplaced)         0.114     0.515    pll/clk
                         PLLE2_ADV (Prop_plle2_adv_CLKIN1_CLKOUT0)
                                                      0.051     0.566 r  pll/pll/CLKOUT0
                         net (fo=1, unplaced)         0.337     0.904    pll_adc_clk
                         BUFG (Prop_bufg_I_O)         0.026     0.930 r  bufg_adc_clk/O
                         net (fo=9723, unplaced)      0.210     1.139    i_dsp/clk_i
                         FDRE                                         r  i_dsp/sum1_reg[17]/C
  -------------------------------------------------------------------    -------------------
                         FDRE (Prop_fdre_C_Q)         0.141     1.280 r  i_dsp/sum1_reg[17]/Q
                         net (fo=28, unplaced)        0.169     1.450    dac_a[13]
                         FDRE                                         r  dac_dat_a_reg[13]/D
  -------------------------------------------------------------------    -------------------

                         (clock pll_dac_clk_1x rise edge)
                                                      0.000     0.000 r  
    U18                                               0.000     0.000 r  adc_clk_p_i (IN)
                         net (fo=0)                   0.000     0.000    adc_clk_p_i
    U18                  IBUFDS (Prop_ibufds_I_O)     0.433     0.433 r  i_clk/O
                         net (fo=1, unplaced)         0.259     0.692    pll/clk
                         PLLE2_ADV (Prop_plle2_adv_CLKIN1_CLKOUT1)
                                                      0.054     0.746 r  pll/pll/CLKOUT1
                         net (fo=1, unplaced)         0.355     1.101    pll_dac_clk_1x
                         BUFG (Prop_bufg_I_O)         0.029     1.130 r  bufg_dac_clk_1x/O
                         net (fo=45, unplaced)        0.355     1.485    dac_clk_1x
                         FDRE                                         r  dac_dat_a_reg[13]/C
                         clock pessimism             -0.179     1.305    
                         clock uncertainty            0.189     1.494    
                         FDRE (Hold_fdre_C_D)        -0.017     1.477    dac_dat_a_reg[13]
  -------------------------------------------------------------------
                         required time                         -1.477    
                         arrival time                           1.450    
  -------------------------------------------------------------------
                         slack                                 -0.027    





---------------------------------------------------------------------------------------------------
From Clock:  pll_adc_clk
  To Clock:  pll_pwm_clk

Setup :            0  Failing Endpoints,  Worst Slack        2.077ns,  Total Violation        0.000ns
Hold  :           90  Failing Endpoints,  Worst Slack       -0.071ns,  Total Violation       -5.752ns
---------------------------------------------------------------------------------------------------


Max Delay Paths
--------------------------------------------------------------------------------------
Slack (MET) :             2.077ns  (required time - arrival time)
  Source:                 i_ams/dac_a_o_reg[14]/C
                            (rising edge-triggered cell FDRE clocked by pll_adc_clk  {rise@0.000ns fall@4.000ns period=8.000ns})
  Destination:            pwm[0]/b_reg[14]/D
                            (rising edge-triggered cell FDRE clocked by pll_pwm_clk  {rise@0.000ns fall@2.000ns period=4.000ns})
  Path Group:             pll_pwm_clk
  Path Type:              Setup (Max at Slow Process Corner)
  Requirement:            4.000ns  (pll_pwm_clk rise@4.000ns - pll_adc_clk rise@0.000ns)
  Data Path Delay:        1.568ns  (logic 0.751ns (47.895%)  route 0.817ns (52.105%))
  Logic Levels:           1  (LUT5=1)
  Clock Path Skew:        -0.195ns (DCD - SCD + CPR)
    Destination Clock Delay (DCD):    2.969ns = ( 6.969 - 4.000 ) 
    Source Clock Delay      (SCD):    3.357ns
    Clock Pessimism Removal (CPR):    0.193ns
  Clock Uncertainty:      0.189ns  ((TSJ^2 + DJ^2)^1/2) / 2 + PE
    Total System Jitter     (TSJ):    0.071ns
    Discrete Jitter          (DJ):    0.118ns
    Phase Error              (PE):    0.120ns

    Location             Delay type                Incr(ns)  Path(ns)    Netlist Resource(s)
  -------------------------------------------------------------------    -------------------
                         (clock pll_adc_clk rise edge)
                                                      0.000     0.000 r  
    U18                                               0.000     0.000 r  adc_clk_p_i (IN)
                         net (fo=0)                   0.000     0.000    adc_clk_p_i
    U18                  IBUFDS (Prop_ibufds_I_O)     0.983     0.983 r  i_clk/O
                         net (fo=1, unplaced)         0.584     1.567    pll/clk
                         PLLE2_ADV (Prop_plle2_adv_CLKIN1_CLKOUT0)
                                                      0.089     1.656 r  pll/pll/CLKOUT0
                         net (fo=1, unplaced)         0.800     2.456    pll_adc_clk
                         BUFG (Prop_bufg_I_O)         0.101     2.557 r  bufg_adc_clk/O
                         net (fo=9723, unplaced)      0.800     3.357    i_ams/clk_i
                         FDRE                                         r  i_ams/dac_a_o_reg[14]/C
  -------------------------------------------------------------------    -------------------
                         FDRE (Prop_fdre_C_Q)         0.456     3.813 r  i_ams/dac_a_o_reg[14]/Q
                         net (fo=2, unplaced)         0.817     4.630    pwm[0]/cfg[14]
                         LUT5 (Prop_lut5_I0_O)        0.295     4.925 r  pwm[0]/b[14]_i_2/O
                         net (fo=1, unplaced)         0.000     4.925    pwm[0]/p_0_in[14]
                         FDRE                                         r  pwm[0]/b_reg[14]/D
  -------------------------------------------------------------------    -------------------

                         (clock pll_pwm_clk rise edge)
                                                      4.000     4.000 r  
    U18                                               0.000     4.000 r  adc_clk_p_i (IN)
                         net (fo=0)                   0.000     4.000    adc_clk_p_i
    U18                  IBUFDS (Prop_ibufds_I_O)     0.940     4.940 r  i_clk/O
                         net (fo=1, unplaced)         0.439     5.379    pll/clk
                         PLLE2_ADV (Prop_plle2_adv_CLKIN1_CLKOUT5)
                                                      0.084     5.463 r  pll/pll/CLKOUT5
                         net (fo=1, unplaced)         0.760     6.223    pll_pwm_clk
                         BUFG (Prop_bufg_I_O)         0.091     6.314 r  bufg_pwm_clk/O
                         net (fo=215, unplaced)       0.655     6.969    pwm[0]/clk
                         FDRE                                         r  pwm[0]/b_reg[14]/C
                         clock pessimism              0.193     7.162    
                         clock uncertainty           -0.189     6.973    
                         FDRE (Setup_fdre_C_D)        0.029     7.002    pwm[0]/b_reg[14]
  -------------------------------------------------------------------
                         required time                          7.002    
                         arrival time                          -4.925    
  -------------------------------------------------------------------
                         slack                                  2.077    





Min Delay Paths
--------------------------------------------------------------------------------------
Slack (VIOLATED) :        -0.071ns  (arrival time - required time)
  Source:                 i_ams/dac_a_o_reg[0]/C
                            (rising edge-triggered cell FDRE clocked by pll_adc_clk  {rise@0.000ns fall@4.000ns period=8.000ns})
  Destination:            pwm[0]/b_reg[0]/D
                            (rising edge-triggered cell FDRE clocked by pll_pwm_clk  {rise@0.000ns fall@2.000ns period=4.000ns})
  Path Group:             pll_pwm_clk
  Path Type:              Hold (Min at Fast Process Corner)
  Requirement:            0.000ns  (pll_pwm_clk rise@0.000ns - pll_adc_clk rise@0.000ns)
  Data Path Delay:        0.375ns  (logic 0.239ns (63.779%)  route 0.136ns (36.221%))
  Logic Levels:           1  (LUT6=1)
  Clock Path Skew:        0.166ns (DCD - SCD - CPR)
    Destination Clock Delay (DCD):    1.485ns
    Source Clock Delay      (SCD):    1.139ns
    Clock Pessimism Removal (CPR):    0.179ns
  Clock Uncertainty:      0.189ns  ((TSJ^2 + DJ^2)^1/2) / 2 + PE
    Total System Jitter     (TSJ):    0.071ns
    Discrete Jitter          (DJ):    0.118ns
    Phase Error              (PE):    0.120ns

    Location             Delay type                Incr(ns)  Path(ns)    Netlist Resource(s)
  -------------------------------------------------------------------    -------------------
                         (clock pll_adc_clk rise edge)
                                                      0.000     0.000 r  
    U18                                               0.000     0.000 r  adc_clk_p_i (IN)
                         net (fo=0)                   0.000     0.000    adc_clk_p_i
    U18                  IBUFDS (Prop_ibufds_I_O)     0.401     0.401 r  i_clk/O
                         net (fo=1, unplaced)         0.114     0.515    pll/clk
                         PLLE2_ADV (Prop_plle2_adv_CLKIN1_CLKOUT0)
                                                      0.051     0.566 r  pll/pll/CLKOUT0
                         net (fo=1, unplaced)         0.337     0.904    pll_adc_clk
                         BUFG (Prop_bufg_I_O)         0.026     0.930 r  bufg_adc_clk/O
                         net (fo=9723, unplaced)      0.210     1.139    i_ams/clk_i
                         FDRE                                         r  i_ams/dac_a_o_reg[0]/C
  -------------------------------------------------------------------    -------------------
                         FDRE (Prop_fdre_C_Q)         0.141     1.280 r  i_ams/dac_a_o_reg[0]/Q
                         net (fo=2, unplaced)         0.136     1.416    pwm[0]/cfg[0]
                         LUT6 (Prop_lut6_I5_O)        0.098     1.514 r  pwm[0]/b[0]_i_1/O
                         net (fo=1, unplaced)         0.000     1.514    pwm[0]/p_0_in[0]
                         FDRE                                         r  pwm[0]/b_reg[0]/D
  -------------------------------------------------------------------    -------------------

                         (clock pll_pwm_clk rise edge)
                                                      0.000     0.000 r  
    U18                                               0.000     0.000 r  adc_clk_p_i (IN)
                         net (fo=0)                   0.000     0.000    adc_clk_p_i
    U18                  IBUFDS (Prop_ibufds_I_O)     0.433     0.433 r  i_clk/O
                         net (fo=1, unplaced)         0.259     0.692    pll/clk
                         PLLE2_ADV (Prop_plle2_adv_CLKIN1_CLKOUT5)
                                                      0.054     0.746 r  pll/pll/CLKOUT5
                         net (fo=1, unplaced)         0.355     1.101    pll_pwm_clk
                         BUFG (Prop_bufg_I_O)         0.029     1.130 r  bufg_pwm_clk/O
                         net (fo=215, unplaced)       0.355     1.485    pwm[0]/clk
                         FDRE                                         r  pwm[0]/b_reg[0]/C
                         clock pessimism             -0.179     1.305    
                         clock uncertainty            0.189     1.494    
                         FDRE (Hold_fdre_C_D)         0.091     1.585    pwm[0]/b_reg[0]
  -------------------------------------------------------------------
                         required time                         -1.585    
                         arrival time                           1.514    
  -------------------------------------------------------------------
                         slack                                 -0.071    





